{"C:\\Users\\IvanZou\\Documents\\MotelManagement\\backend\\server\\lib\\mongo.js":{"path":"C:\\Users\\IvanZou\\Documents\\MotelManagement\\backend\\server\\lib\\mongo.js","statementMap":{"0":{"start":{"line":1,"column":17},"end":{"line":1,"column":36}},"1":{"start":{"line":6,"column":0},"end":{"line":18,"column":7}},"2":{"start":{"line":7,"column":2},"end":{"line":18,"column":6}},"3":{"start":{"line":15,"column":16},"end":{"line":15,"column":35}},"4":{"start":{"line":17,"column":6},"end":{"line":17,"column":43}}},"fnMap":{"0":{"name":"(anonymous_0)","decl":{"start":{"line":6,"column":30},"end":{"line":6,"column":31}},"loc":{"start":{"line":7,"column":2},"end":{"line":18,"column":6}},"line":7},"1":{"name":"(anonymous_1)","decl":{"start":{"line":15,"column":10},"end":{"line":15,"column":11}},"loc":{"start":{"line":15,"column":16},"end":{"line":15,"column":35}},"line":15},"2":{"name":"(anonymous_2)","decl":{"start":{"line":16,"column":11},"end":{"line":16,"column":12}},"loc":{"start":{"line":16,"column":17},"end":{"line":18,"column":5}},"line":16}},"branchMap":{},"s":{"0":1,"1":1,"2":6,"3":6,"4":0},"f":{"0":6,"1":6,"2":0},"b":{},"_coverageSchema":"1a1c01bbd47fc00a2c39e90264f33305004495a9","hash":"94e30b31d17e4167ee018ea0fb196e51de274bdd","contentHash":"66db653d415f6848565eb8de57c2eb0444b75e5e1563057eea6fa63f02a9efce"},"C:\\Users\\IvanZou\\Documents\\MotelManagement\\backend\\server\\config\\index.js":{"path":"C:\\Users\\IvanZou\\Documents\\MotelManagement\\backend\\server\\config\\index.js","statementMap":{"0":{"start":{"line":1,"column":0},"end":{"line":1,"column":27}},"1":{"start":{"line":3,"column":0},"end":{"line":60,"column":2}}},"fnMap":{},"branchMap":{},"s":{"0":2,"1":2},"f":{},"b":{},"_coverageSchema":"1a1c01bbd47fc00a2c39e90264f33305004495a9","hash":"c386bccacf45b9280db0636c6a46bde8d9a698ef","contentHash":"dec88045063a21fa05a25c1ec4bf34c49c07fbb4397bc198dfd3cc588f3367ba"},"C:\\Users\\IvanZou\\Documents\\MotelManagement\\backend\\server\\models\\Staff.js":{"path":"C:\\Users\\IvanZou\\Documents\\MotelManagement\\backend\\server\\models\\Staff.js","statementMap":{"0":{"start":{"line":4,"column":17},"end":{"line":4,"column":36}},"1":{"start":{"line":5,"column":15},"end":{"line":5,"column":32}},"2":{"start":{"line":6,"column":14},"end":{"line":6,"column":44}},"3":{"start":{"line":8,"column":19},"end":{"line":8,"column":27}},"4":{"start":{"line":13,"column":20},"end":{"line":57,"column":2}},"5":{"start":{"line":64,"column":0},"end":{"line":67,"column":2}},"6":{"start":{"line":65,"column":2},"end":{"line":65,"column":36}},"7":{"start":{"line":66,"column":2},"end":{"line":66,"column":52}},"8":{"start":{"line":69,"column":0},"end":{"line":69,"column":29}}},"fnMap":{"0":{"name":"(anonymous_0)","decl":{"start":{"line":64,"column":38},"end":{"line":64,"column":39}},"loc":{"start":{"line":64,"column":66},"end":{"line":67,"column":1}},"line":64}},"branchMap":{},"s":{"0":2,"1":2,"2":2,"3":2,"4":2,"5":2,"6":2,"7":2,"8":2},"f":{"0":2},"b":{},"_coverageSchema":"1a1c01bbd47fc00a2c39e90264f33305004495a9","hash":"55c698de262013c40bbdbc4c7020b776f84dce8f","contentHash":"cf5285ee555a7869e4761540c8320097833b68bd758f28abd2d2d3c863678eb5"},"C:\\Users\\IvanZou\\Documents\\MotelManagement\\backend\\server\\lib\\sql.js":{"path":"C:\\Users\\IvanZou\\Documents\\MotelManagement\\backend\\server\\lib\\sql.js","statementMap":{"0":{"start":{"line":2,"column":14},"end":{"line":2,"column":39}},"1":{"start":{"line":7,"column":0},"end":{"line":9,"column":2}},"2":{"start":{"line":8,"column":2},"end":{"line":8,"column":31}}},"fnMap":{"0":{"name":"(anonymous_0)","decl":{"start":{"line":7,"column":28},"end":{"line":7,"column":29}},"loc":{"start":{"line":7,"column":37},"end":{"line":9,"column":1}},"line":7}},"branchMap":{},"s":{"0":1,"1":1,"2":2},"f":{"0":2},"b":{},"_coverageSchema":"1a1c01bbd47fc00a2c39e90264f33305004495a9","hash":"55c9c518facd38262cf9c5a1302bb0c12d2fe49b","contentHash":"9c17fc3b1eac0ddb64ac466612d9d9f8e9f9038e74054bc6206cc22ff0d4f9eb"},"C:\\Users\\IvanZou\\Documents\\MotelManagement\\backend\\server\\models\\ReservationModel.js":{"path":"C:\\Users\\IvanZou\\Documents\\MotelManagement\\backend\\server\\models\\ReservationModel.js","statementMap":{"0":{"start":{"line":4,"column":17},"end":{"line":4,"column":36}},"1":{"start":{"line":6,"column":19},"end":{"line":6,"column":27}},"2":{"start":{"line":11,"column":26},"end":{"line":118,"column":2}},"3":{"start":{"line":120,"column":0},"end":{"line":120,"column":35}}},"fnMap":{},"branchMap":{},"s":{"0":2,"1":2,"2":2,"3":2},"f":{},"b":{},"_coverageSchema":"1a1c01bbd47fc00a2c39e90264f33305004495a9","hash":"ac926bd6f12ff5d3a13fa252f52b12c805248c44","contentHash":"73dad2961c45b441fa04c69c2f7fb2e5db5fd32b60e75693daef357fe4efd9e0"},"C:\\Users\\IvanZou\\Documents\\MotelManagement\\backend\\server\\models\\DailyReport.js":{"path":"C:\\Users\\IvanZou\\Documents\\MotelManagement\\backend\\server\\models\\DailyReport.js","statementMap":{"0":{"start":{"line":4,"column":17},"end":{"line":4,"column":36}},"1":{"start":{"line":6,"column":19},"end":{"line":6,"column":27}},"2":{"start":{"line":11,"column":26},"end":{"line":58,"column":2}},"3":{"start":{"line":63,"column":27},"end":{"line":84,"column":2}},"4":{"start":{"line":86,"column":19},"end":{"line":89,"column":2}},"5":{"start":{"line":94,"column":19},"end":{"line":121,"column":2}},"6":{"start":{"line":127,"column":21},"end":{"line":138,"column":2}},"7":{"start":{"line":143,"column":26},"end":{"line":163,"column":2}},"8":{"start":{"line":165,"column":0},"end":{"line":165,"column":35}}},"fnMap":{},"branchMap":{},"s":{"0":2,"1":2,"2":2,"3":2,"4":2,"5":2,"6":2,"7":2,"8":2},"f":{},"b":{},"_coverageSchema":"1a1c01bbd47fc00a2c39e90264f33305004495a9","hash":"29055e001a00f051dc47d2de8626659b3aab4644","contentHash":"8a126289238ba52019891e91fadfb540f5356d2eb463bf15574da1fe3baf4b7a"},"C:\\Users\\IvanZou\\Documents\\MotelManagement\\backend\\server\\models\\Maintenance.js":{"path":"C:\\Users\\IvanZou\\Documents\\MotelManagement\\backend\\server\\models\\Maintenance.js","statementMap":{"0":{"start":{"line":4,"column":17},"end":{"line":4,"column":36}},"1":{"start":{"line":5,"column":22},"end":{"line":5,"column":60}},"2":{"start":{"line":7,"column":19},"end":{"line":7,"column":27}},"3":{"start":{"line":12,"column":29},"end":{"line":32,"column":2}},"4":{"start":{"line":34,"column":23},"end":{"line":75,"column":1}},"5":{"start":{"line":76,"column":0},"end":{"line":76,"column":37}},"6":{"start":{"line":78,"column":0},"end":{"line":78,"column":32}}},"fnMap":{},"branchMap":{},"s":{"0":2,"1":2,"2":2,"3":2,"4":2,"5":2,"6":2},"f":{},"b":{},"_coverageSchema":"1a1c01bbd47fc00a2c39e90264f33305004495a9","hash":"ec2ac3dec662be2a2777f0c89fa8a094174261a2","contentHash":"8f20f349006fe414ece1b391229237e77831c39ceab5b21fe1ffb9bc808df9db"},"C:\\Users\\IvanZou\\Documents\\MotelManagement\\backend\\server\\services\\report\\Report.js":{"path":"C:\\Users\\IvanZou\\Documents\\MotelManagement\\backend\\server\\services\\report\\Report.js","statementMap":{"0":{"start":{"line":4,"column":15},"end":{"line":4,"column":32}},"1":{"start":{"line":5,"column":17},"end":{"line":5,"column":36}},"2":{"start":{"line":6,"column":14},"end":{"line":6,"column":44}},"3":{"start":{"line":7,"column":26},"end":{"line":7,"column":61}},"4":{"start":{"line":8,"column":26},"end":{"line":8,"column":66}},"5":{"start":{"line":13,"column":23},"end":{"line":17,"column":1}},"6":{"start":{"line":19,"column":19},"end":{"line":23,"column":1}},"7":{"start":{"line":30,"column":4},"end":{"line":30,"column":27}},"8":{"start":{"line":31,"column":4},"end":{"line":31,"column":36}},"9":{"start":{"line":32,"column":4},"end":{"line":32,"column":45}},"10":{"start":{"line":41,"column":19},"end":{"line":43,"column":13}},"11":{"start":{"line":44,"column":4},"end":{"line":44,"column":18}},"12":{"start":{"line":53,"column":19},"end":{"line":53,"column":48}},"13":{"start":{"line":54,"column":4},"end":{"line":54,"column":25}},"14":{"start":{"line":67,"column":23},"end":{"line":67,"column":35}},"15":{"start":{"line":68,"column":4},"end":{"line":70,"column":21}},"16":{"start":{"line":71,"column":20},"end":{"line":71,"column":49}},"17":{"start":{"line":72,"column":4},"end":{"line":72,"column":31}},"18":{"start":{"line":74,"column":4},"end":{"line":141,"column":5}},"19":{"start":{"line":75,"column":26},"end":{"line":79,"column":15}},"20":{"start":{"line":81,"column":6},"end":{"line":81,"column":75}},"21":{"start":{"line":81,"column":24},"end":{"line":81,"column":75}},"22":{"start":{"line":83,"column":26},"end":{"line":86,"column":25}},"23":{"start":{"line":88,"column":6},"end":{"line":88,"column":65}},"24":{"start":{"line":88,"column":24},"end":{"line":88,"column":65}},"25":{"start":{"line":91,"column":8},"end":{"line":91,"column":79}},"26":{"start":{"line":93,"column":6},"end":{"line":95,"column":8}},"27":{"start":{"line":98,"column":6},"end":{"line":120,"column":7}},"28":{"start":{"line":99,"column":8},"end":{"line":100,"column":76}},"29":{"start":{"line":101,"column":8},"end":{"line":102,"column":69}},"30":{"start":{"line":104,"column":8},"end":{"line":106,"column":43}},"31":{"start":{"line":109,"column":8},"end":{"line":110,"column":59}},"32":{"start":{"line":112,"column":8},"end":{"line":112,"column":74}},"33":{"start":{"line":114,"column":8},"end":{"line":116,"column":10}},"34":{"start":{"line":117,"column":8},"end":{"line":119,"column":43}},"35":{"start":{"line":122,"column":6},"end":{"line":123,"column":73}},"36":{"start":{"line":125,"column":6},"end":{"line":126,"column":67}},"37":{"start":{"line":128,"column":6},"end":{"line":131,"column":25}},"38":{"start":{"line":133,"column":6},"end":{"line":133,"column":40}},"39":{"start":{"line":134,"column":6},"end":{"line":134,"column":25}},"40":{"start":{"line":136,"column":6},"end":{"line":136,"column":17}},"41":{"start":{"line":137,"column":6},"end":{"line":137,"column":39}},"42":{"start":{"line":138,"column":6},"end":{"line":138,"column":16}},"43":{"start":{"line":140,"column":6},"end":{"line":140,"column":27}},"44":{"start":{"line":152,"column":26},"end":{"line":152,"column":38}},"45":{"start":{"line":153,"column":4},"end":{"line":153,"column":51}},"46":{"start":{"line":154,"column":4},"end":{"line":154,"column":53}},"47":{"start":{"line":156,"column":22},"end":{"line":159,"column":12}},"48":{"start":{"line":160,"column":4},"end":{"line":160,"column":21}},"49":{"start":{"line":174,"column":23},"end":{"line":174,"column":25}},"50":{"start":{"line":175,"column":4},"end":{"line":259,"column":5}},"51":{"start":{"line":184,"column":6},"end":{"line":254,"column":7}},"52":{"start":{"line":185,"column":8},"end":{"line":241,"column":9}},"53":{"start":{"line":193,"column":10},"end":{"line":203,"column":12}},"54":{"start":{"line":204,"column":10},"end":{"line":215,"column":12}},"55":{"start":{"line":218,"column":10},"end":{"line":228,"column":12}},"56":{"start":{"line":229,"column":10},"end":{"line":240,"column":12}},"57":{"start":{"line":243,"column":8},"end":{"line":243,"column":23}},"58":{"start":{"line":244,"column":8},"end":{"line":253,"column":10}},"59":{"start":{"line":256,"column":6},"end":{"line":256,"column":58}},"60":{"start":{"line":257,"column":6},"end":{"line":257,"column":61}},"61":{"start":{"line":258,"column":6},"end":{"line":258,"column":70}},"62":{"start":{"line":261,"column":4},"end":{"line":270,"column":6}},"63":{"start":{"line":274,"column":0},"end":{"line":274,"column":29}}},"fnMap":{"0":{"name":"(anonymous_0)","decl":{"start":{"line":29,"column":2},"end":{"line":29,"column":3}},"loc":{"start":{"line":29,"column":23},"end":{"line":33,"column":3}},"line":29},"1":{"name":"(anonymous_1)","decl":{"start":{"line":40,"column":2},"end":{"line":40,"column":3}},"loc":{"start":{"line":40,"column":25},"end":{"line":45,"column":3}},"line":40},"2":{"name":"(anonymous_2)","decl":{"start":{"line":52,"column":2},"end":{"line":52,"column":3}},"loc":{"start":{"line":52,"column":33},"end":{"line":55,"column":3}},"line":52},"3":{"name":"(anonymous_3)","decl":{"start":{"line":66,"column":2},"end":{"line":66,"column":3}},"loc":{"start":{"line":66,"column":46},"end":{"line":142,"column":3}},"line":66},"4":{"name":"(anonymous_4)","decl":{"start":{"line":151,"column":2},"end":{"line":151,"column":3}},"loc":{"start":{"line":151,"column":46},"end":{"line":161,"column":3}},"line":151},"5":{"name":"(anonymous_5)","decl":{"start":{"line":172,"column":2},"end":{"line":172,"column":3}},"loc":{"start":{"line":172,"column":47},"end":{"line":271,"column":3}},"line":172}},"branchMap":{"0":{"loc":{"start":{"line":81,"column":6},"end":{"line":81,"column":75}},"type":"if","locations":[{"start":{"line":81,"column":6},"end":{"line":81,"column":75}},{"start":{"line":81,"column":6},"end":{"line":81,"column":75}}],"line":81},"1":{"loc":{"start":{"line":88,"column":6},"end":{"line":88,"column":65}},"type":"if","locations":[{"start":{"line":88,"column":6},"end":{"line":88,"column":65}},{"start":{"line":88,"column":6},"end":{"line":88,"column":65}}],"line":88},"2":{"loc":{"start":{"line":98,"column":6},"end":{"line":120,"column":7}},"type":"if","locations":[{"start":{"line":98,"column":6},"end":{"line":120,"column":7}},{"start":{"line":98,"column":6},"end":{"line":120,"column":7}}],"line":98},"3":{"loc":{"start":{"line":153,"column":42},"end":{"line":153,"column":50}},"type":"binary-expr","locations":[{"start":{"line":153,"column":42},"end":{"line":153,"column":45}},{"start":{"line":153,"column":49},"end":{"line":153,"column":50}}],"line":153},"4":{"loc":{"start":{"line":154,"column":41},"end":{"line":154,"column":52}},"type":"binary-expr","locations":[{"start":{"line":154,"column":41},"end":{"line":154,"column":46}},{"start":{"line":154,"column":50},"end":{"line":154,"column":52}}],"line":154},"5":{"loc":{"start":{"line":184,"column":6},"end":{"line":254,"column":7}},"type":"if","locations":[{"start":{"line":184,"column":6},"end":{"line":254,"column":7}},{"start":{"line":184,"column":6},"end":{"line":254,"column":7}}],"line":184},"6":{"loc":{"start":{"line":184,"column":10},"end":{"line":184,"column":74}},"type":"binary-expr","locations":[{"start":{"line":184,"column":10},"end":{"line":184,"column":23}},{"start":{"line":184,"column":27},"end":{"line":184,"column":74}}],"line":184},"7":{"loc":{"start":{"line":185,"column":8},"end":{"line":241,"column":9}},"type":"if","locations":[{"start":{"line":185,"column":8},"end":{"line":241,"column":9}},{"start":{"line":185,"column":8},"end":{"line":241,"column":9}}],"line":185},"8":{"loc":{"start":{"line":186,"column":10},"end":{"line":190,"column":11}},"type":"binary-expr","locations":[{"start":{"line":186,"column":10},"end":{"line":186,"column":56}},{"start":{"line":187,"column":10},"end":{"line":190,"column":11}}],"line":186},"9":{"loc":{"start":{"line":205,"column":20},"end":{"line":207,"column":19}},"type":"cond-expr","locations":[{"start":{"line":206,"column":16},"end":{"line":206,"column":61}},{"start":{"line":207,"column":16},"end":{"line":207,"column":19}}],"line":205},"10":{"loc":{"start":{"line":208,"column":18},"end":{"line":210,"column":19}},"type":"cond-expr","locations":[{"start":{"line":209,"column":16},"end":{"line":209,"column":59}},{"start":{"line":210,"column":16},"end":{"line":210,"column":19}}],"line":208},"11":{"loc":{"start":{"line":212,"column":19},"end":{"line":214,"column":18}},"type":"cond-expr","locations":[{"start":{"line":213,"column":16},"end":{"line":213,"column":60}},{"start":{"line":214,"column":16},"end":{"line":214,"column":18}}],"line":212},"12":{"loc":{"start":{"line":230,"column":20},"end":{"line":232,"column":19}},"type":"cond-expr","locations":[{"start":{"line":231,"column":16},"end":{"line":231,"column":61}},{"start":{"line":232,"column":16},"end":{"line":232,"column":19}}],"line":230},"13":{"loc":{"start":{"line":233,"column":18},"end":{"line":235,"column":19}},"type":"cond-expr","locations":[{"start":{"line":234,"column":16},"end":{"line":234,"column":59}},{"start":{"line":235,"column":16},"end":{"line":235,"column":19}}],"line":233},"14":{"loc":{"start":{"line":237,"column":19},"end":{"line":239,"column":18}},"type":"cond-expr","locations":[{"start":{"line":238,"column":16},"end":{"line":238,"column":60}},{"start":{"line":239,"column":16},"end":{"line":239,"column":18}}],"line":237},"15":{"loc":{"start":{"line":245,"column":18},"end":{"line":247,"column":17}},"type":"cond-expr","locations":[{"start":{"line":246,"column":14},"end":{"line":246,"column":59}},{"start":{"line":247,"column":14},"end":{"line":247,"column":17}}],"line":245},"16":{"loc":{"start":{"line":248,"column":16},"end":{"line":250,"column":17}},"type":"cond-expr","locations":[{"start":{"line":249,"column":14},"end":{"line":249,"column":57}},{"start":{"line":250,"column":14},"end":{"line":250,"column":17}}],"line":248}},"s":{"0":2,"1":2,"2":2,"3":2,"4":2,"5":2,"6":2,"7":3,"8":3,"9":3,"10":0,"11":0,"12":0,"13":0,"14":0,"15":0,"16":0,"17":0,"18":0,"19":0,"20":0,"21":0,"22":0,"23":0,"24":0,"25":0,"26":0,"27":0,"28":0,"29":0,"30":0,"31":0,"32":0,"33":0,"34":0,"35":0,"36":0,"37":0,"38":0,"39":0,"40":0,"41":0,"42":0,"43":0,"44":0,"45":0,"46":0,"47":0,"48":0,"49":0,"50":0,"51":0,"52":0,"53":0,"54":0,"55":0,"56":0,"57":0,"58":0,"59":0,"60":0,"61":0,"62":0,"63":2},"f":{"0":3,"1":0,"2":0,"3":0,"4":0,"5":0},"b":{"0":[0,0],"1":[0,0],"2":[0,0],"3":[0,0],"4":[0,0],"5":[0,0],"6":[0,0],"7":[0,0],"8":[0,0],"9":[0,0],"10":[0,0],"11":[0,0],"12":[0,0],"13":[0,0],"14":[0,0],"15":[0,0],"16":[0,0]},"_coverageSchema":"1a1c01bbd47fc00a2c39e90264f33305004495a9","hash":"a29f6f96b16f65f930390860993ed2a071668734","contentHash":"cef7c105cfd95bf46bdde9c045f3c466c5cc4cda17745f4e598db7926f67ca75"},"C:\\Users\\IvanZou\\Documents\\MotelManagement\\backend\\server\\services\\report\\TaxReport.js":{"path":"C:\\Users\\IvanZou\\Documents\\MotelManagement\\backend\\server\\services\\report\\TaxReport.js","statementMap":{"0":{"start":{"line":4,"column":19},"end":{"line":4,"column":38}},"1":{"start":{"line":5,"column":17},"end":{"line":5,"column":36}},"2":{"start":{"line":6,"column":14},"end":{"line":6,"column":44}},"3":{"start":{"line":7,"column":26},"end":{"line":7,"column":61}},"4":{"start":{"line":12,"column":23},"end":{"line":16,"column":1}},"5":{"start":{"line":25,"column":4},"end":{"line":25,"column":21}},"6":{"start":{"line":26,"column":4},"end":{"line":26,"column":23}},"7":{"start":{"line":27,"column":4},"end":{"line":96,"column":6}},"8":{"start":{"line":106,"column":18},"end":{"line":106,"column":29}},"9":{"start":{"line":107,"column":21},"end":{"line":107,"column":42}},"10":{"start":{"line":108,"column":16},"end":{"line":108,"column":36}},"11":{"start":{"line":109,"column":4},"end":{"line":109,"column":15}},"12":{"start":{"line":127,"column":4},"end":{"line":632,"column":7}},"13":{"start":{"line":128,"column":6},"end":{"line":631,"column":8}},"14":{"start":{"line":626,"column":10},"end":{"line":628,"column":11}},"15":{"start":{"line":627,"column":12},"end":{"line":627,"column":59}},"16":{"start":{"line":629,"column":10},"end":{"line":629,"column":26}},"17":{"start":{"line":636,"column":0},"end":{"line":636,"column":27}}},"fnMap":{"0":{"name":"(anonymous_0)","decl":{"start":{"line":24,"column":2},"end":{"line":24,"column":3}},"loc":{"start":{"line":24,"column":27},"end":{"line":97,"column":3}},"line":24},"1":{"name":"(anonymous_1)","decl":{"start":{"line":105,"column":2},"end":{"line":105,"column":3}},"loc":{"start":{"line":105,"column":26},"end":{"line":110,"column":3}},"line":105},"2":{"name":"(anonymous_2)","decl":{"start":{"line":126,"column":2},"end":{"line":126,"column":3}},"loc":{"start":{"line":126,"column":22},"end":{"line":633,"column":3}},"line":126},"3":{"name":"(anonymous_3)","decl":{"start":{"line":127,"column":23},"end":{"line":127,"column":24}},"loc":{"start":{"line":127,"column":44},"end":{"line":632,"column":5}},"line":127},"4":{"name":"(anonymous_4)","decl":{"start":{"line":625,"column":8},"end":{"line":625,"column":9}},"loc":{"start":{"line":625,"column":25},"end":{"line":630,"column":9}},"line":625}},"branchMap":{"0":{"loc":{"start":{"line":626,"column":10},"end":{"line":628,"column":11}},"type":"if","locations":[{"start":{"line":626,"column":10},"end":{"line":628,"column":11}},{"start":{"line":626,"column":10},"end":{"line":628,"column":11}}],"line":626},"1":{"loc":{"start":{"line":626,"column":14},"end":{"line":626,"column":40}},"type":"binary-expr","locations":[{"start":{"line":626,"column":14},"end":{"line":626,"column":17}},{"start":{"line":626,"column":21},"end":{"line":626,"column":40}}],"line":626}},"s":{"0":2,"1":2,"2":2,"3":2,"4":2,"5":0,"6":0,"7":0,"8":0,"9":0,"10":0,"11":0,"12":0,"13":0,"14":0,"15":0,"16":0,"17":2},"f":{"0":0,"1":0,"2":0,"3":0,"4":0},"b":{"0":[0,0],"1":[0,0]},"_coverageSchema":"1a1c01bbd47fc00a2c39e90264f33305004495a9","hash":"b2f7c42bcdeedae72196681d7fecbc4a2e347d1d","contentHash":"399ae3e412e58178c4dce66b27fb7067d0794039f1aa5d375e55be5a9383ab20"},"C:\\Users\\IvanZou\\Documents\\MotelManagement\\backend\\server\\services\\reservations\\PendingRes.js":{"path":"C:\\Users\\IvanZou\\Documents\\MotelManagement\\backend\\server\\services\\reservations\\PendingRes.js","statementMap":{"0":{"start":{"line":4,"column":17},"end":{"line":4,"column":36}},"1":{"start":{"line":5,"column":14},"end":{"line":5,"column":45}},"2":{"start":{"line":6,"column":15},"end":{"line":6,"column":32}},"3":{"start":{"line":9,"column":26},"end":{"line":9,"column":66}},"4":{"start":{"line":11,"column":23},"end":{"line":15,"column":1}},"5":{"start":{"line":16,"column":21},"end":{"line":20,"column":1}},"6":{"start":{"line":21,"column":19},"end":{"line":25,"column":1}},"7":{"start":{"line":37,"column":18},"end":{"line":37,"column":79}},"8":{"start":{"line":38,"column":4},"end":{"line":38,"column":24}},"9":{"start":{"line":46,"column":18},"end":{"line":46,"column":79}},"10":{"start":{"line":47,"column":4},"end":{"line":47,"column":24}},"11":{"start":{"line":56,"column":18},"end":{"line":61,"column":26}},"12":{"start":{"line":62,"column":4},"end":{"line":62,"column":24}},"13":{"start":{"line":71,"column":18},"end":{"line":76,"column":26}},"14":{"start":{"line":77,"column":4},"end":{"line":77,"column":24}},"15":{"start":{"line":90,"column":27},"end":{"line":90,"column":53}},"16":{"start":{"line":91,"column":4},"end":{"line":116,"column":7}},"17":{"start":{"line":92,"column":6},"end":{"line":115,"column":9}},"18":{"start":{"line":93,"column":8},"end":{"line":114,"column":9}},"19":{"start":{"line":94,"column":10},"end":{"line":94,"column":41}},"20":{"start":{"line":95,"column":15},"end":{"line":114,"column":9}},"21":{"start":{"line":96,"column":10},"end":{"line":96,"column":46}},"22":{"start":{"line":99,"column":10},"end":{"line":112,"column":11}},"23":{"start":{"line":100,"column":12},"end":{"line":100,"column":48}},"24":{"start":{"line":101,"column":12},"end":{"line":101,"column":36}},"25":{"start":{"line":103,"column":12},"end":{"line":111,"column":15}},"26":{"start":{"line":113,"column":10},"end":{"line":113,"column":58}},"27":{"start":{"line":125,"column":4},"end":{"line":138,"column":7}},"28":{"start":{"line":126,"column":6},"end":{"line":137,"column":8}},"29":{"start":{"line":130,"column":10},"end":{"line":134,"column":11}},"30":{"start":{"line":131,"column":12},"end":{"line":131,"column":63}},"31":{"start":{"line":132,"column":17},"end":{"line":134,"column":11}},"32":{"start":{"line":133,"column":12},"end":{"line":133,"column":60}},"33":{"start":{"line":135,"column":10},"end":{"line":135,"column":54}},"34":{"start":{"line":147,"column":20},"end":{"line":147,"column":49}},"35":{"start":{"line":148,"column":4},"end":{"line":148,"column":37}},"36":{"start":{"line":150,"column":4},"end":{"line":167,"column":5}},"37":{"start":{"line":151,"column":24},"end":{"line":156,"column":25}},"38":{"start":{"line":158,"column":6},"end":{"line":158,"column":68}},"39":{"start":{"line":158,"column":22},"end":{"line":158,"column":68}},"40":{"start":{"line":160,"column":6},"end":{"line":160,"column":58}},"41":{"start":{"line":161,"column":6},"end":{"line":161,"column":40}},"42":{"start":{"line":163,"column":6},"end":{"line":163,"column":39}},"43":{"start":{"line":164,"column":6},"end":{"line":164,"column":16}},"44":{"start":{"line":166,"column":6},"end":{"line":166,"column":33}},"45":{"start":{"line":176,"column":4},"end":{"line":183,"column":7}},"46":{"start":{"line":177,"column":6},"end":{"line":182,"column":9}},"47":{"start":{"line":178,"column":8},"end":{"line":180,"column":9}},"48":{"start":{"line":179,"column":10},"end":{"line":179,"column":22}},"49":{"start":{"line":181,"column":8},"end":{"line":181,"column":40}},"50":{"start":{"line":193,"column":20},"end":{"line":193,"column":49}},"51":{"start":{"line":194,"column":4},"end":{"line":194,"column":31}},"52":{"start":{"line":196,"column":4},"end":{"line":210,"column":5}},"53":{"start":{"line":197,"column":21},"end":{"line":199,"column":25}},"54":{"start":{"line":201,"column":6},"end":{"line":201,"column":65}},"55":{"start":{"line":201,"column":19},"end":{"line":201,"column":65}},"56":{"start":{"line":203,"column":6},"end":{"line":203,"column":70}},"57":{"start":{"line":204,"column":6},"end":{"line":204,"column":40}},"58":{"start":{"line":206,"column":6},"end":{"line":206,"column":39}},"59":{"start":{"line":207,"column":6},"end":{"line":207,"column":16}},"60":{"start":{"line":209,"column":6},"end":{"line":209,"column":33}},"61":{"start":{"line":219,"column":20},"end":{"line":219,"column":49}},"62":{"start":{"line":220,"column":4},"end":{"line":220,"column":31}},"63":{"start":{"line":222,"column":4},"end":{"line":242,"column":5}},"64":{"start":{"line":223,"column":21},"end":{"line":226,"column":25}},"65":{"start":{"line":228,"column":6},"end":{"line":230,"column":7}},"66":{"start":{"line":229,"column":8},"end":{"line":229,"column":40}},"67":{"start":{"line":232,"column":6},"end":{"line":232,"column":55}},"68":{"start":{"line":233,"column":6},"end":{"line":233,"column":65}},"69":{"start":{"line":235,"column":6},"end":{"line":235,"column":40}},"70":{"start":{"line":237,"column":6},"end":{"line":237,"column":17}},"71":{"start":{"line":238,"column":6},"end":{"line":238,"column":39}},"72":{"start":{"line":239,"column":6},"end":{"line":239,"column":16}},"73":{"start":{"line":241,"column":6},"end":{"line":241,"column":27}},"74":{"start":{"line":253,"column":20},"end":{"line":253,"column":49}},"75":{"start":{"line":254,"column":4},"end":{"line":254,"column":31}},"76":{"start":{"line":256,"column":4},"end":{"line":285,"column":5}},"77":{"start":{"line":257,"column":21},"end":{"line":262,"column":25}},"78":{"start":{"line":264,"column":6},"end":{"line":269,"column":7}},"79":{"start":{"line":267,"column":8},"end":{"line":267,"column":41}},"80":{"start":{"line":268,"column":8},"end":{"line":268,"column":18}},"81":{"start":{"line":271,"column":6},"end":{"line":271,"column":55}},"82":{"start":{"line":273,"column":6},"end":{"line":276,"column":8}},"83":{"start":{"line":278,"column":6},"end":{"line":278,"column":40}},"84":{"start":{"line":279,"column":6},"end":{"line":279,"column":20}},"85":{"start":{"line":281,"column":6},"end":{"line":281,"column":39}},"86":{"start":{"line":282,"column":6},"end":{"line":282,"column":16}},"87":{"start":{"line":284,"column":6},"end":{"line":284,"column":27}},"88":{"start":{"line":289,"column":0},"end":{"line":289,"column":36}}},"fnMap":{"0":{"name":"(anonymous_0)","decl":{"start":{"line":36,"column":2},"end":{"line":36,"column":3}},"loc":{"start":{"line":36,"column":37},"end":{"line":39,"column":3}},"line":36},"1":{"name":"(anonymous_1)","decl":{"start":{"line":45,"column":2},"end":{"line":45,"column":3}},"loc":{"start":{"line":45,"column":32},"end":{"line":48,"column":3}},"line":45},"2":{"name":"(anonymous_2)","decl":{"start":{"line":55,"column":2},"end":{"line":55,"column":3}},"loc":{"start":{"line":55,"column":45},"end":{"line":63,"column":3}},"line":55},"3":{"name":"(anonymous_3)","decl":{"start":{"line":70,"column":2},"end":{"line":70,"column":3}},"loc":{"start":{"line":70,"column":46},"end":{"line":78,"column":3}},"line":70},"4":{"name":"(anonymous_4)","decl":{"start":{"line":89,"column":2},"end":{"line":89,"column":3}},"loc":{"start":{"line":89,"column":43},"end":{"line":117,"column":3}},"line":89},"5":{"name":"(anonymous_5)","decl":{"start":{"line":91,"column":23},"end":{"line":91,"column":24}},"loc":{"start":{"line":91,"column":44},"end":{"line":116,"column":5}},"line":91},"6":{"name":"(anonymous_6)","decl":{"start":{"line":92,"column":26},"end":{"line":92,"column":27}},"loc":{"start":{"line":92,"column":41},"end":{"line":115,"column":7}},"line":92},"7":{"name":"(anonymous_7)","decl":{"start":{"line":124,"column":2},"end":{"line":124,"column":3}},"loc":{"start":{"line":124,"column":37},"end":{"line":139,"column":3}},"line":124},"8":{"name":"(anonymous_8)","decl":{"start":{"line":125,"column":23},"end":{"line":125,"column":24}},"loc":{"start":{"line":125,"column":44},"end":{"line":138,"column":5}},"line":125},"9":{"name":"(anonymous_9)","decl":{"start":{"line":129,"column":8},"end":{"line":129,"column":9}},"loc":{"start":{"line":129,"column":27},"end":{"line":136,"column":9}},"line":129},"10":{"name":"(anonymous_10)","decl":{"start":{"line":146,"column":2},"end":{"line":146,"column":3}},"loc":{"start":{"line":146,"column":41},"end":{"line":168,"column":3}},"line":146},"11":{"name":"(anonymous_11)","decl":{"start":{"line":175,"column":2},"end":{"line":175,"column":3}},"loc":{"start":{"line":175,"column":31},"end":{"line":184,"column":3}},"line":175},"12":{"name":"(anonymous_12)","decl":{"start":{"line":176,"column":23},"end":{"line":176,"column":24}},"loc":{"start":{"line":176,"column":44},"end":{"line":183,"column":5}},"line":176},"13":{"name":"(anonymous_13)","decl":{"start":{"line":177,"column":51},"end":{"line":177,"column":52}},"loc":{"start":{"line":177,"column":70},"end":{"line":182,"column":7}},"line":177},"14":{"name":"(anonymous_14)","decl":{"start":{"line":192,"column":2},"end":{"line":192,"column":3}},"loc":{"start":{"line":192,"column":34},"end":{"line":211,"column":3}},"line":192},"15":{"name":"(anonymous_15)","decl":{"start":{"line":218,"column":2},"end":{"line":218,"column":3}},"loc":{"start":{"line":218,"column":44},"end":{"line":243,"column":3}},"line":218},"16":{"name":"(anonymous_16)","decl":{"start":{"line":252,"column":2},"end":{"line":252,"column":3}},"loc":{"start":{"line":252,"column":41},"end":{"line":286,"column":3}},"line":252}},"branchMap":{"0":{"loc":{"start":{"line":93,"column":8},"end":{"line":114,"column":9}},"type":"if","locations":[{"start":{"line":93,"column":8},"end":{"line":114,"column":9}},{"start":{"line":93,"column":8},"end":{"line":114,"column":9}}],"line":93},"1":{"loc":{"start":{"line":95,"column":15},"end":{"line":114,"column":9}},"type":"if","locations":[{"start":{"line":95,"column":15},"end":{"line":114,"column":9}},{"start":{"line":95,"column":15},"end":{"line":114,"column":9}}],"line":95},"2":{"loc":{"start":{"line":99,"column":10},"end":{"line":112,"column":11}},"type":"if","locations":[{"start":{"line":99,"column":10},"end":{"line":112,"column":11}},{"start":{"line":99,"column":10},"end":{"line":112,"column":11}}],"line":99},"3":{"loc":{"start":{"line":130,"column":10},"end":{"line":134,"column":11}},"type":"if","locations":[{"start":{"line":130,"column":10},"end":{"line":134,"column":11}},{"start":{"line":130,"column":10},"end":{"line":134,"column":11}}],"line":130},"4":{"loc":{"start":{"line":132,"column":17},"end":{"line":134,"column":11}},"type":"if","locations":[{"start":{"line":132,"column":17},"end":{"line":134,"column":11}},{"start":{"line":132,"column":17},"end":{"line":134,"column":11}}],"line":132},"5":{"loc":{"start":{"line":158,"column":6},"end":{"line":158,"column":68}},"type":"if","locations":[{"start":{"line":158,"column":6},"end":{"line":158,"column":68}},{"start":{"line":158,"column":6},"end":{"line":158,"column":68}}],"line":158},"6":{"loc":{"start":{"line":178,"column":8},"end":{"line":180,"column":9}},"type":"if","locations":[{"start":{"line":178,"column":8},"end":{"line":180,"column":9}},{"start":{"line":178,"column":8},"end":{"line":180,"column":9}}],"line":178},"7":{"loc":{"start":{"line":201,"column":6},"end":{"line":201,"column":65}},"type":"if","locations":[{"start":{"line":201,"column":6},"end":{"line":201,"column":65}},{"start":{"line":201,"column":6},"end":{"line":201,"column":65}}],"line":201},"8":{"loc":{"start":{"line":228,"column":6},"end":{"line":230,"column":7}},"type":"if","locations":[{"start":{"line":228,"column":6},"end":{"line":230,"column":7}},{"start":{"line":228,"column":6},"end":{"line":230,"column":7}}],"line":228},"9":{"loc":{"start":{"line":264,"column":6},"end":{"line":269,"column":7}},"type":"if","locations":[{"start":{"line":264,"column":6},"end":{"line":269,"column":7}},{"start":{"line":264,"column":6},"end":{"line":269,"column":7}}],"line":264}},"s":{"0":2,"1":2,"2":2,"3":2,"4":2,"5":2,"6":2,"7":0,"8":0,"9":0,"10":0,"11":0,"12":0,"13":0,"14":0,"15":0,"16":0,"17":0,"18":0,"19":0,"20":0,"21":0,"22":0,"23":0,"24":0,"25":0,"26":0,"27":0,"28":0,"29":0,"30":0,"31":0,"32":0,"33":0,"34":0,"35":0,"36":0,"37":0,"38":0,"39":0,"40":0,"41":0,"42":0,"43":0,"44":0,"45":0,"46":0,"47":0,"48":0,"49":0,"50":0,"51":0,"52":0,"53":0,"54":0,"55":0,"56":0,"57":0,"58":0,"59":0,"60":0,"61":0,"62":0,"63":0,"64":0,"65":0,"66":0,"67":0,"68":0,"69":0,"70":0,"71":0,"72":0,"73":0,"74":0,"75":0,"76":0,"77":0,"78":0,"79":0,"80":0,"81":0,"82":0,"83":0,"84":0,"85":0,"86":0,"87":0,"88":2},"f":{"0":0,"1":0,"2":0,"3":0,"4":0,"5":0,"6":0,"7":0,"8":0,"9":0,"10":0,"11":0,"12":0,"13":0,"14":0,"15":0,"16":0},"b":{"0":[0,0],"1":[0,0],"2":[0,0],"3":[0,0],"4":[0,0],"5":[0,0],"6":[0,0],"7":[0,0],"8":[0,0],"9":[0,0]},"_coverageSchema":"1a1c01bbd47fc00a2c39e90264f33305004495a9","hash":"4176e84b18e12429b70d65b2c4297ca64e6066f5","contentHash":"c634a78ba4a8b2e1728d09d226b865255a64ed6e4d3a28947b6d8a29a8baf301"},"C:\\Users\\IvanZou\\Documents\\MotelManagement\\backend\\server\\index.js":{"path":"C:\\Users\\IvanZou\\Documents\\MotelManagement\\backend\\server\\index.js","statementMap":{"0":{"start":{"line":4,"column":13},"end":{"line":4,"column":28}},"1":{"start":{"line":5,"column":16},"end":{"line":5,"column":34}},"2":{"start":{"line":6,"column":15},"end":{"line":6,"column":32}},"3":{"start":{"line":7,"column":21},"end":{"line":7,"column":45}},"4":{"start":{"line":8,"column":19},"end":{"line":8,"column":41}},"5":{"start":{"line":9,"column":18},"end":{"line":9,"column":47}},"6":{"start":{"line":10,"column":12},"end":{"line":10,"column":35}},"7":{"start":{"line":11,"column":14},"end":{"line":11,"column":44}},"8":{"start":{"line":12,"column":15},"end":{"line":12,"column":38}},"9":{"start":{"line":13,"column":15},"end":{"line":13,"column":40}},"10":{"start":{"line":14,"column":19},"end":{"line":14,"column":48}},"11":{"start":{"line":16,"column":38},"end":{"line":16,"column":65}},"12":{"start":{"line":21,"column":0},"end":{"line":99,"column":2}},"13":{"start":{"line":22,"column":21},"end":{"line":22,"column":26}},"14":{"start":{"line":23,"column":21},"end":{"line":23,"column":26}},"15":{"start":{"line":24,"column":16},"end":{"line":24,"column":25}},"16":{"start":{"line":25,"column":18},"end":{"line":25,"column":27}},"17":{"start":{"line":26,"column":14},"end":{"line":26,"column":23}},"18":{"start":{"line":29,"column":2},"end":{"line":29,"column":32}},"19":{"start":{"line":30,"column":2},"end":{"line":30,"column":52}},"20":{"start":{"line":33,"column":2},"end":{"line":33,"column":20}},"21":{"start":{"line":36,"column":2},"end":{"line":36,"column":26}},"22":{"start":{"line":38,"column":2},"end":{"line":38,"column":53}},"23":{"start":{"line":39,"column":2},"end":{"line":39,"column":29}},"24":{"start":{"line":42,"column":2},"end":{"line":42,"column":63}},"25":{"start":{"line":46,"column":18},"end":{"line":50,"column":4}},"26":{"start":{"line":55,"column":2},"end":{"line":67,"column":5}},"27":{"start":{"line":56,"column":22},"end":{"line":56,"column":33}},"28":{"start":{"line":58,"column":4},"end":{"line":66,"column":5}},"29":{"start":{"line":59,"column":6},"end":{"line":59,"column":53}},"30":{"start":{"line":59,"column":18},"end":{"line":59,"column":53}},"31":{"start":{"line":60,"column":22},"end":{"line":60,"column":67}},"32":{"start":{"line":61,"column":6},"end":{"line":61,"column":25}},"33":{"start":{"line":63,"column":6},"end":{"line":63,"column":27}},"34":{"start":{"line":65,"column":6},"end":{"line":65,"column":13}},"35":{"start":{"line":70,"column":2},"end":{"line":70,"column":38}},"36":{"start":{"line":73,"column":2},"end":{"line":73,"column":33}},"37":{"start":{"line":76,"column":2},"end":{"line":76,"column":69}},"38":{"start":{"line":79,"column":2},"end":{"line":83,"column":5}},"39":{"start":{"line":80,"column":18},"end":{"line":80,"column":46}},"40":{"start":{"line":81,"column":4},"end":{"line":81,"column":23}},"41":{"start":{"line":82,"column":4},"end":{"line":82,"column":16}},"42":{"start":{"line":86,"column":2},"end":{"line":96,"column":5}},"43":{"start":{"line":87,"column":4},"end":{"line":87,"column":37}},"44":{"start":{"line":88,"column":19},"end":{"line":88,"column":36}},"45":{"start":{"line":89,"column":4},"end":{"line":89,"column":71}},"46":{"start":{"line":90,"column":4},"end":{"line":94,"column":5}},"47":{"start":{"line":92,"column":6},"end":{"line":92,"column":25}},"48":{"start":{"line":93,"column":6},"end":{"line":93,"column":35}},"49":{"start":{"line":95,"column":4},"end":{"line":95,"column":61}},"50":{"start":{"line":98,"column":2},"end":{"line":98,"column":13}}},"fnMap":{"0":{"name":"(anonymous_0)","decl":{"start":{"line":21,"column":17},"end":{"line":21,"column":18}},"loc":{"start":{"line":21,"column":28},"end":{"line":99,"column":1}},"line":21},"1":{"name":"(anonymous_1)","decl":{"start":{"line":55,"column":10},"end":{"line":55,"column":11}},"loc":{"start":{"line":55,"column":30},"end":{"line":67,"column":3}},"line":55},"2":{"name":"(anonymous_2)","decl":{"start":{"line":79,"column":10},"end":{"line":79,"column":11}},"loc":{"start":{"line":79,"column":30},"end":{"line":83,"column":3}},"line":79},"3":{"name":"(anonymous_3)","decl":{"start":{"line":86,"column":10},"end":{"line":86,"column":11}},"loc":{"start":{"line":86,"column":35},"end":{"line":96,"column":3}},"line":86}},"branchMap":{"0":{"loc":{"start":{"line":59,"column":6},"end":{"line":59,"column":53}},"type":"if","locations":[{"start":{"line":59,"column":6},"end":{"line":59,"column":53}},{"start":{"line":59,"column":6},"end":{"line":59,"column":53}}],"line":59},"1":{"loc":{"start":{"line":88,"column":19},"end":{"line":88,"column":36}},"type":"binary-expr","locations":[{"start":{"line":88,"column":19},"end":{"line":88,"column":29}},{"start":{"line":88,"column":33},"end":{"line":88,"column":36}}],"line":88},"2":{"loc":{"start":{"line":89,"column":23},"end":{"line":89,"column":70}},"type":"cond-expr","locations":[{"start":{"line":89,"column":62},"end":{"line":89,"column":65}},{"start":{"line":89,"column":68},"end":{"line":89,"column":70}}],"line":89},"3":{"loc":{"start":{"line":90,"column":4},"end":{"line":94,"column":5}},"type":"if","locations":[{"start":{"line":90,"column":4},"end":{"line":94,"column":5}},{"start":{"line":90,"column":4},"end":{"line":94,"column":5}}],"line":90},"4":{"loc":{"start":{"line":90,"column":8},"end":{"line":90,"column":40}},"type":"binary-expr","locations":[{"start":{"line":90,"column":8},"end":{"line":90,"column":22}},{"start":{"line":90,"column":26},"end":{"line":90,"column":40}}],"line":90}},"s":{"0":2,"1":2,"2":2,"3":2,"4":2,"5":2,"6":2,"7":2,"8":2,"9":2,"10":2,"11":2,"12":2,"13":7,"14":7,"15":7,"16":7,"17":7,"18":7,"19":7,"20":7,"21":7,"22":7,"23":7,"24":7,"25":7,"26":7,"27":78,"28":78,"29":78,"30":77,"31":1,"32":1,"33":77,"34":78,"35":7,"36":7,"37":7,"38":7,"39":0,"40":0,"41":0,"42":7,"43":6,"44":6,"45":6,"46":6,"47":5,"48":5,"49":1,"50":7},"f":{"0":7,"1":78,"2":0,"3":6},"b":{"0":[77,1],"1":[6,0],"2":[6,0],"3":[5,1],"4":[6,1]},"_coverageSchema":"1a1c01bbd47fc00a2c39e90264f33305004495a9","hash":"9f467e9d26a7b328245017ea08459e0a984b41ec","contentHash":"dbe06b3616a421009b648e62e87a4027e219d01ab13c7b297da2c0aa9d24c49c"},"C:\\Users\\IvanZou\\Documents\\MotelManagement\\backend\\server\\lib\\logger.js":{"path":"C:\\Users\\IvanZou\\Documents\\MotelManagement\\backend\\server\\lib\\logger.js","statementMap":{"0":{"start":{"line":4,"column":45},"end":{"line":4,"column":63}},"1":{"start":{"line":6,"column":47},"end":{"line":6,"column":53}},"2":{"start":{"line":11,"column":15},"end":{"line":19,"column":2}},"3":{"start":{"line":16,"column":20},"end":{"line":16,"column":69}},"4":{"start":{"line":21,"column":0},"end":{"line":25,"column":2}},"5":{"start":{"line":23,"column":4},"end":{"line":23,"column":65}},"6":{"start":{"line":27,"column":0},"end":{"line":27,"column":24}}},"fnMap":{"0":{"name":"(anonymous_0)","decl":{"start":{"line":16,"column":11},"end":{"line":16,"column":12}},"loc":{"start":{"line":16,"column":20},"end":{"line":16,"column":69}},"line":16},"1":{"name":"(anonymous_1)","decl":{"start":{"line":22,"column":2},"end":{"line":22,"column":3}},"loc":{"start":{"line":22,"column":17},"end":{"line":24,"column":3}},"line":22}},"branchMap":{},"s":{"0":2,"1":2,"2":2,"3":70,"4":2,"5":70,"6":2},"f":{"0":70,"1":70},"b":{},"_coverageSchema":"1a1c01bbd47fc00a2c39e90264f33305004495a9","hash":"769e008c315d08969657e9d46e534a9bca26c6d7","contentHash":"67942ab3dac377033dcfc64a83bca9742b58b44d8919fb7280947730191771e0"},"C:\\Users\\IvanZou\\Documents\\MotelManagement\\backend\\server\\routes\\index.js":{"path":"C:\\Users\\IvanZou\\Documents\\MotelManagement\\backend\\server\\routes\\index.js","statementMap":{"0":{"start":{"line":4,"column":16},"end":{"line":4,"column":34}},"1":{"start":{"line":6,"column":15},"end":{"line":6,"column":24}},"2":{"start":{"line":11,"column":23},"end":{"line":11,"column":52}},"3":{"start":{"line":12,"column":24},"end":{"line":12,"column":50}},"4":{"start":{"line":13,"column":26},"end":{"line":13,"column":55}},"5":{"start":{"line":14,"column":22},"end":{"line":14,"column":45}},"6":{"start":{"line":15,"column":26},"end":{"line":15,"column":51}},"7":{"start":{"line":16,"column":26},"end":{"line":16,"column":55}},"8":{"start":{"line":17,"column":20},"end":{"line":17,"column":44}},"9":{"start":{"line":19,"column":0},"end":{"line":50,"column":2}},"10":{"start":{"line":20,"column":37},"end":{"line":20,"column":42}},"11":{"start":{"line":23,"column":2},"end":{"line":23,"column":55}},"12":{"start":{"line":26,"column":2},"end":{"line":26,"column":57}},"13":{"start":{"line":29,"column":2},"end":{"line":29,"column":67}},"14":{"start":{"line":32,"column":2},"end":{"line":32,"column":57}},"15":{"start":{"line":35,"column":2},"end":{"line":35,"column":50}},"16":{"start":{"line":38,"column":2},"end":{"line":38,"column":50}},"17":{"start":{"line":41,"column":2},"end":{"line":41,"column":50}},"18":{"start":{"line":43,"column":2},"end":{"line":47,"column":5}},"19":{"start":{"line":44,"column":18},"end":{"line":44,"column":46}},"20":{"start":{"line":45,"column":4},"end":{"line":45,"column":23}},"21":{"start":{"line":46,"column":4},"end":{"line":46,"column":16}},"22":{"start":{"line":49,"column":2},"end":{"line":49,"column":16}}},"fnMap":{"0":{"name":"(anonymous_0)","decl":{"start":{"line":19,"column":17},"end":{"line":19,"column":18}},"loc":{"start":{"line":19,"column":28},"end":{"line":50,"column":1}},"line":19},"1":{"name":"(anonymous_1)","decl":{"start":{"line":43,"column":13},"end":{"line":43,"column":14}},"loc":{"start":{"line":43,"column":33},"end":{"line":47,"column":3}},"line":43}},"branchMap":{},"s":{"0":2,"1":2,"2":2,"3":2,"4":2,"5":2,"6":2,"7":2,"8":2,"9":2,"10":7,"11":7,"12":7,"13":7,"14":7,"15":7,"16":7,"17":7,"18":7,"19":1,"20":1,"21":1,"22":7},"f":{"0":7,"1":1},"b":{},"_coverageSchema":"1a1c01bbd47fc00a2c39e90264f33305004495a9","hash":"8f613828225b1547993ad1eeab4a0aac7c39c4bb","contentHash":"8d62a3a0873caf2435f0a8088b80ed9cdeedacaea83f87a902cf1fe1f3ae9bc4"},"C:\\Users\\IvanZou\\Documents\\MotelManagement\\backend\\server\\routes\\customerRoute.js":{"path":"C:\\Users\\IvanZou\\Documents\\MotelManagement\\backend\\server\\routes\\customerRoute.js","statementMap":{"0":{"start":{"line":4,"column":16},"end":{"line":4,"column":34}},"1":{"start":{"line":5,"column":14},"end":{"line":5,"column":44}},"2":{"start":{"line":6,"column":15},"end":{"line":6,"column":32}},"3":{"start":{"line":8,"column":15},"end":{"line":8,"column":31}},"4":{"start":{"line":11,"column":27},"end":{"line":11,"column":68}},"5":{"start":{"line":13,"column":0},"end":{"line":150,"column":2}},"6":{"start":{"line":14,"column":22},"end":{"line":14,"column":27}},"7":{"start":{"line":15,"column":19},"end":{"line":15,"column":50}},"8":{"start":{"line":20,"column":2},"end":{"line":140,"column":7}},"9":{"start":{"line":27,"column":6},"end":{"line":29,"column":7}},"10":{"start":{"line":28,"column":8},"end":{"line":28,"column":72}},"11":{"start":{"line":30,"column":19},"end":{"line":30,"column":48}},"12":{"start":{"line":31,"column":27},"end":{"line":31,"column":36}},"13":{"start":{"line":32,"column":22},"end":{"line":32,"column":24}},"14":{"start":{"line":33,"column":29},"end":{"line":33,"column":31}},"15":{"start":{"line":34,"column":17},"end":{"line":34,"column":36}},"16":{"start":{"line":35,"column":21},"end":{"line":35,"column":36}},"17":{"start":{"line":36,"column":22},"end":{"line":36,"column":38}},"18":{"start":{"line":37,"column":20},"end":{"line":37,"column":38}},"19":{"start":{"line":38,"column":19},"end":{"line":38,"column":36}},"20":{"start":{"line":39,"column":24},"end":{"line":39,"column":32}},"21":{"start":{"line":40,"column":20},"end":{"line":40,"column":55}},"22":{"start":{"line":41,"column":20},"end":{"line":41,"column":36}},"23":{"start":{"line":43,"column":24},"end":{"line":43,"column":42}},"24":{"start":{"line":44,"column":20},"end":{"line":44,"column":38}},"25":{"start":{"line":45,"column":22},"end":{"line":45,"column":30}},"26":{"start":{"line":46,"column":26},"end":{"line":46,"column":34}},"27":{"start":{"line":47,"column":27},"end":{"line":47,"column":35}},"28":{"start":{"line":48,"column":28},"end":{"line":48,"column":36}},"29":{"start":{"line":49,"column":20},"end":{"line":49,"column":42}},"30":{"start":{"line":50,"column":20},"end":{"line":50,"column":38}},"31":{"start":{"line":51,"column":21},"end":{"line":51,"column":36}},"32":{"start":{"line":52,"column":27},"end":{"line":52,"column":35}},"33":{"start":{"line":54,"column":6},"end":{"line":54,"column":74}},"34":{"start":{"line":55,"column":6},"end":{"line":67,"column":8}},"35":{"start":{"line":69,"column":6},"end":{"line":84,"column":7}},"36":{"start":{"line":73,"column":23},"end":{"line":79,"column":9}},"37":{"start":{"line":80,"column":8},"end":{"line":80,"column":32}},"38":{"start":{"line":82,"column":8},"end":{"line":82,"column":19}},"39":{"start":{"line":83,"column":8},"end":{"line":83,"column":78}},"40":{"start":{"line":91,"column":6},"end":{"line":93,"column":7}},"41":{"start":{"line":92,"column":8},"end":{"line":92,"column":72}},"42":{"start":{"line":94,"column":22},"end":{"line":94,"column":24}},"43":{"start":{"line":95,"column":29},"end":{"line":95,"column":31}},"44":{"start":{"line":96,"column":29},"end":{"line":96,"column":37}},"45":{"start":{"line":97,"column":20},"end":{"line":97,"column":38}},"46":{"start":{"line":98,"column":19},"end":{"line":98,"column":36}},"47":{"start":{"line":99,"column":24},"end":{"line":99,"column":32}},"48":{"start":{"line":100,"column":20},"end":{"line":100,"column":55}},"49":{"start":{"line":101,"column":20},"end":{"line":101,"column":36}},"50":{"start":{"line":103,"column":28},"end":{"line":103,"column":36}},"51":{"start":{"line":104,"column":20},"end":{"line":104,"column":38}},"52":{"start":{"line":105,"column":22},"end":{"line":105,"column":30}},"53":{"start":{"line":106,"column":26},"end":{"line":106,"column":34}},"54":{"start":{"line":107,"column":27},"end":{"line":107,"column":35}},"55":{"start":{"line":108,"column":28},"end":{"line":108,"column":36}},"56":{"start":{"line":109,"column":20},"end":{"line":109,"column":42}},"57":{"start":{"line":110,"column":20},"end":{"line":110,"column":38}},"58":{"start":{"line":111,"column":21},"end":{"line":111,"column":36}},"59":{"start":{"line":112,"column":27},"end":{"line":112,"column":35}},"60":{"start":{"line":114,"column":6},"end":{"line":114,"column":53}},"61":{"start":{"line":115,"column":6},"end":{"line":125,"column":8}},"62":{"start":{"line":126,"column":6},"end":{"line":139,"column":11}},"63":{"start":{"line":129,"column":10},"end":{"line":129,"column":22}},"64":{"start":{"line":130,"column":10},"end":{"line":134,"column":11}},"65":{"start":{"line":131,"column":12},"end":{"line":131,"column":48}},"66":{"start":{"line":133,"column":12},"end":{"line":133,"column":37}},"67":{"start":{"line":137,"column":10},"end":{"line":137,"column":21}},"68":{"start":{"line":138,"column":10},"end":{"line":138,"column":64}},"69":{"start":{"line":143,"column":2},"end":{"line":147,"column":5}},"70":{"start":{"line":144,"column":18},"end":{"line":144,"column":46}},"71":{"start":{"line":145,"column":4},"end":{"line":145,"column":23}},"72":{"start":{"line":146,"column":4},"end":{"line":146,"column":16}},"73":{"start":{"line":149,"column":2},"end":{"line":149,"column":16}}},"fnMap":{"0":{"name":"(anonymous_0)","decl":{"start":{"line":13,"column":17},"end":{"line":13,"column":18}},"loc":{"start":{"line":13,"column":28},"end":{"line":150,"column":1}},"line":13},"1":{"name":"(anonymous_1)","decl":{"start":{"line":25,"column":10},"end":{"line":25,"column":11}},"loc":{"start":{"line":25,"column":30},"end":{"line":85,"column":5}},"line":25},"2":{"name":"(anonymous_2)","decl":{"start":{"line":89,"column":9},"end":{"line":89,"column":10}},"loc":{"start":{"line":89,"column":23},"end":{"line":140,"column":5}},"line":89},"3":{"name":"(anonymous_3)","decl":{"start":{"line":128,"column":14},"end":{"line":128,"column":15}},"loc":{"start":{"line":128,"column":24},"end":{"line":135,"column":9}},"line":128},"4":{"name":"(anonymous_4)","decl":{"start":{"line":136,"column":15},"end":{"line":136,"column":16}},"loc":{"start":{"line":136,"column":24},"end":{"line":139,"column":9}},"line":136},"5":{"name":"(anonymous_5)","decl":{"start":{"line":143,"column":13},"end":{"line":143,"column":14}},"loc":{"start":{"line":143,"column":33},"end":{"line":147,"column":3}},"line":143}},"branchMap":{"0":{"loc":{"start":{"line":27,"column":6},"end":{"line":29,"column":7}},"type":"if","locations":[{"start":{"line":27,"column":6},"end":{"line":29,"column":7}},{"start":{"line":27,"column":6},"end":{"line":29,"column":7}}],"line":27},"1":{"loc":{"start":{"line":27,"column":10},"end":{"line":27,"column":58}},"type":"binary-expr","locations":[{"start":{"line":27,"column":10},"end":{"line":27,"column":29}},{"start":{"line":27,"column":33},"end":{"line":27,"column":58}}],"line":27},"2":{"loc":{"start":{"line":40,"column":20},"end":{"line":40,"column":55}},"type":"cond-expr","locations":[{"start":{"line":40,"column":37},"end":{"line":40,"column":51}},{"start":{"line":40,"column":54},"end":{"line":40,"column":55}}],"line":40},"3":{"loc":{"start":{"line":91,"column":6},"end":{"line":93,"column":7}},"type":"if","locations":[{"start":{"line":91,"column":6},"end":{"line":93,"column":7}},{"start":{"line":91,"column":6},"end":{"line":93,"column":7}}],"line":91},"4":{"loc":{"start":{"line":91,"column":10},"end":{"line":91,"column":58}},"type":"binary-expr","locations":[{"start":{"line":91,"column":10},"end":{"line":91,"column":29}},{"start":{"line":91,"column":33},"end":{"line":91,"column":58}}],"line":91},"5":{"loc":{"start":{"line":100,"column":20},"end":{"line":100,"column":55}},"type":"cond-expr","locations":[{"start":{"line":100,"column":37},"end":{"line":100,"column":51}},{"start":{"line":100,"column":54},"end":{"line":100,"column":55}}],"line":100},"6":{"loc":{"start":{"line":130,"column":10},"end":{"line":134,"column":11}},"type":"if","locations":[{"start":{"line":130,"column":10},"end":{"line":134,"column":11}},{"start":{"line":130,"column":10},"end":{"line":134,"column":11}}],"line":130}},"s":{"0":2,"1":2,"2":2,"3":2,"4":2,"5":2,"6":7,"7":7,"8":7,"9":7,"10":2,"11":5,"12":5,"13":5,"14":5,"15":5,"16":5,"17":5,"18":5,"19":5,"20":5,"21":5,"22":5,"23":5,"24":5,"25":5,"26":5,"27":5,"28":5,"29":5,"30":5,"31":5,"32":5,"33":5,"34":5,"35":5,"36":5,"37":0,"38":5,"39":5,"40":5,"41":2,"42":3,"43":3,"44":3,"45":3,"46":3,"47":3,"48":3,"49":3,"50":3,"51":3,"52":3,"53":3,"54":3,"55":3,"56":3,"57":3,"58":3,"59":3,"60":3,"61":3,"62":3,"63":0,"64":0,"65":0,"66":0,"67":3,"68":3,"69":7,"70":0,"71":0,"72":0,"73":7},"f":{"0":7,"1":7,"2":5,"3":0,"4":3,"5":0},"b":{"0":[2,5],"1":[7,6],"2":[3,2],"3":[2,3],"4":[5,4],"5":[3,0],"6":[0,0]},"_coverageSchema":"1a1c01bbd47fc00a2c39e90264f33305004495a9","hash":"610b0f15f2991a7809e5017e740e2af749a7a931","contentHash":"d61d643b1f570df54484bcf82de4c948050076cdd2cebe2257517e64578a1a1d"},"C:\\Users\\IvanZou\\Documents\\MotelManagement\\backend\\server\\services\\customers\\Customer.js":{"path":"C:\\Users\\IvanZou\\Documents\\MotelManagement\\backend\\server\\services\\customers\\Customer.js","statementMap":{"0":{"start":{"line":4,"column":14},"end":{"line":4,"column":39}},"1":{"start":{"line":5,"column":14},"end":{"line":5,"column":44}},"2":{"start":{"line":8,"column":24},"end":{"line":8,"column":58}},"3":{"start":{"line":19,"column":4},"end":{"line":19,"column":21}},"4":{"start":{"line":26,"column":16},"end":{"line":26,"column":40}},"5":{"start":{"line":27,"column":4},"end":{"line":29,"column":43}},"6":{"start":{"line":28,"column":21},"end":{"line":28,"column":24}},"7":{"start":{"line":29,"column":22},"end":{"line":29,"column":41}},"8":{"start":{"line":34,"column":6},"end":{"line":34,"column":131}},"9":{"start":{"line":35,"column":4},"end":{"line":37,"column":6}},"10":{"start":{"line":38,"column":4},"end":{"line":40,"column":6}},"11":{"start":{"line":41,"column":4},"end":{"line":43,"column":6}},"12":{"start":{"line":44,"column":4},"end":{"line":46,"column":6}},"13":{"start":{"line":48,"column":4},"end":{"line":58,"column":9}},"14":{"start":{"line":50,"column":8},"end":{"line":50,"column":19}},"15":{"start":{"line":51,"column":8},"end":{"line":53,"column":9}},"16":{"start":{"line":52,"column":10},"end":{"line":52,"column":50}},"17":{"start":{"line":54,"column":8},"end":{"line":54,"column":22}},"18":{"start":{"line":57,"column":8},"end":{"line":57,"column":37}},"19":{"start":{"line":63,"column":6},"end":{"line":63,"column":131}},"20":{"start":{"line":64,"column":4},"end":{"line":66,"column":6}},"21":{"start":{"line":67,"column":4},"end":{"line":69,"column":6}},"22":{"start":{"line":70,"column":4},"end":{"line":72,"column":6}},"23":{"start":{"line":73,"column":4},"end":{"line":75,"column":6}},"24":{"start":{"line":77,"column":4},"end":{"line":86,"column":9}},"25":{"start":{"line":79,"column":8},"end":{"line":81,"column":9}},"26":{"start":{"line":80,"column":10},"end":{"line":80,"column":50}},"27":{"start":{"line":82,"column":8},"end":{"line":82,"column":22}},"28":{"start":{"line":85,"column":8},"end":{"line":85,"column":37}},"29":{"start":{"line":91,"column":6},"end":{"line":91,"column":131}},"30":{"start":{"line":92,"column":4},"end":{"line":94,"column":6}},"31":{"start":{"line":95,"column":4},"end":{"line":97,"column":6}},"32":{"start":{"line":98,"column":4},"end":{"line":100,"column":6}},"33":{"start":{"line":101,"column":4},"end":{"line":103,"column":6}},"34":{"start":{"line":105,"column":4},"end":{"line":114,"column":9}},"35":{"start":{"line":107,"column":8},"end":{"line":109,"column":9}},"36":{"start":{"line":108,"column":10},"end":{"line":108,"column":50}},"37":{"start":{"line":110,"column":8},"end":{"line":110,"column":22}},"38":{"start":{"line":113,"column":8},"end":{"line":113,"column":37}},"39":{"start":{"line":119,"column":6},"end":{"line":119,"column":131}},"40":{"start":{"line":120,"column":4},"end":{"line":122,"column":6}},"41":{"start":{"line":123,"column":4},"end":{"line":125,"column":6}},"42":{"start":{"line":126,"column":4},"end":{"line":128,"column":6}},"43":{"start":{"line":129,"column":4},"end":{"line":131,"column":6}},"44":{"start":{"line":133,"column":4},"end":{"line":142,"column":9}},"45":{"start":{"line":135,"column":8},"end":{"line":137,"column":9}},"46":{"start":{"line":136,"column":10},"end":{"line":136,"column":50}},"47":{"start":{"line":138,"column":8},"end":{"line":138,"column":22}},"48":{"start":{"line":141,"column":8},"end":{"line":141,"column":37}},"49":{"start":{"line":162,"column":6},"end":{"line":162,"column":111}},"50":{"start":{"line":165,"column":6},"end":{"line":165,"column":179}},"51":{"start":{"line":167,"column":17},"end":{"line":167,"column":77}},"52":{"start":{"line":169,"column":19},"end":{"line":169,"column":65}},"53":{"start":{"line":171,"column":22},"end":{"line":171,"column":30}},"54":{"start":{"line":173,"column":23},"end":{"line":173,"column":54}},"55":{"start":{"line":174,"column":4},"end":{"line":211,"column":5}},"56":{"start":{"line":175,"column":6},"end":{"line":175,"column":42}},"57":{"start":{"line":177,"column":6},"end":{"line":196,"column":7}},"58":{"start":{"line":179,"column":26},"end":{"line":179,"column":51}},"59":{"start":{"line":180,"column":26},"end":{"line":180,"column":51}},"60":{"start":{"line":182,"column":8},"end":{"line":182,"column":42}},"61":{"start":{"line":183,"column":8},"end":{"line":183,"column":42}},"62":{"start":{"line":189,"column":8},"end":{"line":189,"column":31}},"63":{"start":{"line":190,"column":35},"end":{"line":190,"column":50}},"64":{"start":{"line":192,"column":25},"end":{"line":192,"column":30}},"65":{"start":{"line":193,"column":8},"end":{"line":193,"column":41}},"66":{"start":{"line":194,"column":8},"end":{"line":194,"column":24}},"67":{"start":{"line":195,"column":8},"end":{"line":195,"column":43}},"68":{"start":{"line":199,"column":28},"end":{"line":203,"column":7}},"69":{"start":{"line":204,"column":6},"end":{"line":204,"column":32}},"70":{"start":{"line":205,"column":6},"end":{"line":205,"column":27}},"71":{"start":{"line":207,"column":6},"end":{"line":207,"column":34}},"72":{"start":{"line":208,"column":6},"end":{"line":208,"column":16}},"73":{"start":{"line":210,"column":6},"end":{"line":210,"column":33}},"74":{"start":{"line":223,"column":23},"end":{"line":223,"column":54}},"75":{"start":{"line":225,"column":4},"end":{"line":237,"column":5}},"76":{"start":{"line":226,"column":6},"end":{"line":226,"column":42}},"77":{"start":{"line":228,"column":6},"end":{"line":228,"column":55}},"78":{"start":{"line":229,"column":6},"end":{"line":229,"column":57}},"79":{"start":{"line":231,"column":6},"end":{"line":231,"column":32}},"80":{"start":{"line":233,"column":6},"end":{"line":233,"column":34}},"81":{"start":{"line":234,"column":6},"end":{"line":234,"column":16}},"82":{"start":{"line":236,"column":6},"end":{"line":236,"column":33}},"83":{"start":{"line":239,"column":4},"end":{"line":239,"column":46}},"84":{"start":{"line":249,"column":6},"end":{"line":249,"column":81}},"85":{"start":{"line":250,"column":4},"end":{"line":250,"column":43}},"86":{"start":{"line":252,"column":4},"end":{"line":258,"column":9}},"87":{"start":{"line":254,"column":8},"end":{"line":254,"column":19}},"88":{"start":{"line":257,"column":8},"end":{"line":257,"column":35}},"89":{"start":{"line":268,"column":6},"end":{"line":268,"column":108}},"90":{"start":{"line":269,"column":4},"end":{"line":271,"column":6}},"91":{"start":{"line":272,"column":4},"end":{"line":278,"column":9}},"92":{"start":{"line":274,"column":8},"end":{"line":274,"column":19}},"93":{"start":{"line":277,"column":8},"end":{"line":277,"column":35}},"94":{"start":{"line":287,"column":21},"end":{"line":287,"column":43}},"95":{"start":{"line":288,"column":4},"end":{"line":288,"column":37}},"96":{"start":{"line":296,"column":23},"end":{"line":296,"column":54}},"97":{"start":{"line":298,"column":4},"end":{"line":311,"column":5}},"98":{"start":{"line":299,"column":6},"end":{"line":299,"column":42}},"99":{"start":{"line":301,"column":6},"end":{"line":303,"column":9}},"100":{"start":{"line":302,"column":8},"end":{"line":302,"column":76}},"101":{"start":{"line":305,"column":6},"end":{"line":305,"column":32}},"102":{"start":{"line":307,"column":6},"end":{"line":307,"column":34}},"103":{"start":{"line":308,"column":6},"end":{"line":308,"column":16}},"104":{"start":{"line":310,"column":6},"end":{"line":310,"column":33}},"105":{"start":{"line":315,"column":0},"end":{"line":315,"column":26}}},"fnMap":{"0":{"name":"(anonymous_0)","decl":{"start":{"line":18,"column":2},"end":{"line":18,"column":3}},"loc":{"start":{"line":18,"column":20},"end":{"line":20,"column":3}},"line":18},"1":{"name":"(anonymous_1)","decl":{"start":{"line":25,"column":2},"end":{"line":25,"column":3}},"loc":{"start":{"line":25,"column":19},"end":{"line":30,"column":3}},"line":25},"2":{"name":"(anonymous_2)","decl":{"start":{"line":28,"column":12},"end":{"line":28,"column":13}},"loc":{"start":{"line":28,"column":21},"end":{"line":28,"column":24}},"line":28},"3":{"name":"(anonymous_3)","decl":{"start":{"line":29,"column":13},"end":{"line":29,"column":14}},"loc":{"start":{"line":29,"column":22},"end":{"line":29,"column":41}},"line":29},"4":{"name":"(anonymous_4)","decl":{"start":{"line":32,"column":2},"end":{"line":32,"column":3}},"loc":{"start":{"line":32,"column":44},"end":{"line":59,"column":3}},"line":32},"5":{"name":"(anonymous_5)","decl":{"start":{"line":49,"column":12},"end":{"line":49,"column":13}},"loc":{"start":{"line":49,"column":21},"end":{"line":55,"column":7}},"line":49},"6":{"name":"(anonymous_6)","decl":{"start":{"line":56,"column":13},"end":{"line":56,"column":14}},"loc":{"start":{"line":56,"column":22},"end":{"line":58,"column":7}},"line":56},"7":{"name":"(anonymous_7)","decl":{"start":{"line":61,"column":2},"end":{"line":61,"column":3}},"loc":{"start":{"line":61,"column":39},"end":{"line":87,"column":3}},"line":61},"8":{"name":"(anonymous_8)","decl":{"start":{"line":78,"column":12},"end":{"line":78,"column":13}},"loc":{"start":{"line":78,"column":21},"end":{"line":83,"column":7}},"line":78},"9":{"name":"(anonymous_9)","decl":{"start":{"line":84,"column":13},"end":{"line":84,"column":14}},"loc":{"start":{"line":84,"column":22},"end":{"line":86,"column":7}},"line":84},"10":{"name":"(anonymous_10)","decl":{"start":{"line":89,"column":2},"end":{"line":89,"column":3}},"loc":{"start":{"line":89,"column":38},"end":{"line":115,"column":3}},"line":89},"11":{"name":"(anonymous_11)","decl":{"start":{"line":106,"column":12},"end":{"line":106,"column":13}},"loc":{"start":{"line":106,"column":21},"end":{"line":111,"column":7}},"line":106},"12":{"name":"(anonymous_12)","decl":{"start":{"line":112,"column":13},"end":{"line":112,"column":14}},"loc":{"start":{"line":112,"column":22},"end":{"line":114,"column":7}},"line":112},"13":{"name":"(anonymous_13)","decl":{"start":{"line":117,"column":2},"end":{"line":117,"column":3}},"loc":{"start":{"line":117,"column":39},"end":{"line":143,"column":3}},"line":117},"14":{"name":"(anonymous_14)","decl":{"start":{"line":134,"column":12},"end":{"line":134,"column":13}},"loc":{"start":{"line":134,"column":21},"end":{"line":139,"column":7}},"line":134},"15":{"name":"(anonymous_15)","decl":{"start":{"line":140,"column":13},"end":{"line":140,"column":14}},"loc":{"start":{"line":140,"column":22},"end":{"line":142,"column":7}},"line":140},"16":{"name":"(anonymous_16)","decl":{"start":{"line":160,"column":2},"end":{"line":160,"column":3}},"loc":{"start":{"line":160,"column":73},"end":{"line":212,"column":3}},"line":160},"17":{"name":"(anonymous_17)","decl":{"start":{"line":222,"column":2},"end":{"line":222,"column":3}},"loc":{"start":{"line":222,"column":70},"end":{"line":240,"column":3}},"line":222},"18":{"name":"(anonymous_18)","decl":{"start":{"line":247,"column":2},"end":{"line":247,"column":3}},"loc":{"start":{"line":247,"column":36},"end":{"line":259,"column":3}},"line":247},"19":{"name":"(anonymous_19)","decl":{"start":{"line":253,"column":12},"end":{"line":253,"column":13}},"loc":{"start":{"line":253,"column":21},"end":{"line":255,"column":7}},"line":253},"20":{"name":"(anonymous_20)","decl":{"start":{"line":256,"column":13},"end":{"line":256,"column":14}},"loc":{"start":{"line":256,"column":22},"end":{"line":258,"column":7}},"line":256},"21":{"name":"(anonymous_21)","decl":{"start":{"line":266,"column":2},"end":{"line":266,"column":3}},"loc":{"start":{"line":266,"column":39},"end":{"line":279,"column":3}},"line":266},"22":{"name":"(anonymous_22)","decl":{"start":{"line":273,"column":12},"end":{"line":273,"column":13}},"loc":{"start":{"line":273,"column":21},"end":{"line":275,"column":7}},"line":273},"23":{"name":"(anonymous_23)","decl":{"start":{"line":276,"column":13},"end":{"line":276,"column":14}},"loc":{"start":{"line":276,"column":22},"end":{"line":278,"column":7}},"line":276},"24":{"name":"(anonymous_24)","decl":{"start":{"line":286,"column":2},"end":{"line":286,"column":3}},"loc":{"start":{"line":286,"column":31},"end":{"line":289,"column":3}},"line":286},"25":{"name":"(anonymous_25)","decl":{"start":{"line":295,"column":2},"end":{"line":295,"column":3}},"loc":{"start":{"line":295,"column":33},"end":{"line":312,"column":3}},"line":295},"26":{"name":"(anonymous_26)","decl":{"start":{"line":301,"column":22},"end":{"line":301,"column":23}},"loc":{"start":{"line":301,"column":42},"end":{"line":303,"column":7}},"line":301}},"branchMap":{"0":{"loc":{"start":{"line":51,"column":8},"end":{"line":53,"column":9}},"type":"if","locations":[{"start":{"line":51,"column":8},"end":{"line":53,"column":9}},{"start":{"line":51,"column":8},"end":{"line":53,"column":9}}],"line":51},"1":{"loc":{"start":{"line":79,"column":8},"end":{"line":81,"column":9}},"type":"if","locations":[{"start":{"line":79,"column":8},"end":{"line":81,"column":9}},{"start":{"line":79,"column":8},"end":{"line":81,"column":9}}],"line":79},"2":{"loc":{"start":{"line":107,"column":8},"end":{"line":109,"column":9}},"type":"if","locations":[{"start":{"line":107,"column":8},"end":{"line":109,"column":9}},{"start":{"line":107,"column":8},"end":{"line":109,"column":9}}],"line":107},"3":{"loc":{"start":{"line":135,"column":8},"end":{"line":137,"column":9}},"type":"if","locations":[{"start":{"line":135,"column":8},"end":{"line":137,"column":9}},{"start":{"line":135,"column":8},"end":{"line":137,"column":9}}],"line":135},"4":{"loc":{"start":{"line":160,"column":23},"end":{"line":160,"column":33}},"type":"default-arg","locations":[{"start":{"line":160,"column":31},"end":{"line":160,"column":33}}],"line":160},"5":{"loc":{"start":{"line":160,"column":35},"end":{"line":160,"column":45}},"type":"default-arg","locations":[{"start":{"line":160,"column":43},"end":{"line":160,"column":45}}],"line":160},"6":{"loc":{"start":{"line":177,"column":6},"end":{"line":196,"column":7}},"type":"if","locations":[{"start":{"line":177,"column":6},"end":{"line":196,"column":7}},{"start":{"line":177,"column":6},"end":{"line":196,"column":7}}],"line":177},"7":{"loc":{"start":{"line":222,"column":23},"end":{"line":222,"column":33}},"type":"default-arg","locations":[{"start":{"line":222,"column":31},"end":{"line":222,"column":33}}],"line":222},"8":{"loc":{"start":{"line":222,"column":35},"end":{"line":222,"column":45}},"type":"default-arg","locations":[{"start":{"line":222,"column":43},"end":{"line":222,"column":45}}],"line":222},"9":{"loc":{"start":{"line":247,"column":25},"end":{"line":247,"column":34}},"type":"default-arg","locations":[{"start":{"line":247,"column":32},"end":{"line":247,"column":34}}],"line":247},"10":{"loc":{"start":{"line":266,"column":28},"end":{"line":266,"column":37}},"type":"default-arg","locations":[{"start":{"line":266,"column":35},"end":{"line":266,"column":37}}],"line":266},"11":{"loc":{"start":{"line":286,"column":21},"end":{"line":286,"column":29}},"type":"default-arg","locations":[{"start":{"line":286,"column":27},"end":{"line":286,"column":29}}],"line":286},"12":{"loc":{"start":{"line":295,"column":19},"end":{"line":295,"column":31}},"type":"default-arg","locations":[{"start":{"line":295,"column":29},"end":{"line":295,"column":31}}],"line":295}},"s":{"0":2,"1":2,"2":2,"3":21,"4":0,"5":0,"6":0,"7":0,"8":0,"9":0,"10":0,"11":0,"12":0,"13":0,"14":0,"15":0,"16":0,"17":0,"18":0,"19":0,"20":0,"21":0,"22":0,"23":0,"24":0,"25":0,"26":0,"27":0,"28":0,"29":3,"30":3,"31":3,"32":3,"33":3,"34":3,"35":3,"36":3,"37":0,"38":3,"39":0,"40":0,"41":0,"42":0,"43":0,"44":0,"45":0,"46":0,"47":0,"48":0,"49":5,"50":5,"51":5,"52":5,"53":5,"54":5,"55":5,"56":5,"57":5,"58":5,"59":5,"60":5,"61":3,"62":0,"63":0,"64":0,"65":0,"66":0,"67":0,"68":3,"69":0,"70":0,"71":5,"72":5,"73":5,"74":3,"75":3,"76":3,"77":3,"78":3,"79":3,"80":0,"81":0,"82":3,"83":3,"84":3,"85":3,"86":3,"87":3,"88":0,"89":3,"90":3,"91":3,"92":3,"93":0,"94":14,"95":14,"96":0,"97":0,"98":0,"99":0,"100":0,"101":0,"102":0,"103":0,"104":0,"105":2},"f":{"0":21,"1":0,"2":0,"3":0,"4":0,"5":0,"6":0,"7":0,"8":0,"9":0,"10":3,"11":3,"12":3,"13":0,"14":0,"15":0,"16":5,"17":3,"18":3,"19":3,"20":0,"21":3,"22":3,"23":0,"24":14,"25":0,"26":0},"b":{"0":[0,0],"1":[0,0],"2":[3,0],"3":[0,0],"4":[0],"5":[0],"6":[5,0],"7":[0],"8":[0],"9":[0],"10":[0],"11":[0],"12":[0]},"_coverageSchema":"1a1c01bbd47fc00a2c39e90264f33305004495a9","hash":"cc4d2ce2a3d13026a0db8feac7f7c6302e499e06","contentHash":"f059d60af02a28503834e4618639eada16ecb7d42f7da1fa791f2531c8641fae"},"C:\\Users\\IvanZou\\Documents\\MotelManagement\\backend\\server\\services\\reservations\\CurrRes.js":{"path":"C:\\Users\\IvanZou\\Documents\\MotelManagement\\backend\\server\\services\\reservations\\CurrRes.js","statementMap":{"0":{"start":{"line":4,"column":17},"end":{"line":4,"column":36}},"1":{"start":{"line":5,"column":14},"end":{"line":5,"column":44}},"2":{"start":{"line":6,"column":15},"end":{"line":6,"column":32}},"3":{"start":{"line":9,"column":26},"end":{"line":9,"column":66}},"4":{"start":{"line":12,"column":26},"end":{"line":12,"column":61}},"5":{"start":{"line":14,"column":19},"end":{"line":18,"column":1}},"6":{"start":{"line":19,"column":19},"end":{"line":23,"column":1}},"7":{"start":{"line":24,"column":21},"end":{"line":28,"column":1}},"8":{"start":{"line":29,"column":15},"end":{"line":29,"column":78}},"9":{"start":{"line":30,"column":23},"end":{"line":30,"column":29}},"10":{"start":{"line":31,"column":24},"end":{"line":31,"column":38}},"11":{"start":{"line":42,"column":18},"end":{"line":42,"column":71}},"12":{"start":{"line":43,"column":4},"end":{"line":43,"column":24}},"13":{"start":{"line":51,"column":18},"end":{"line":51,"column":75}},"14":{"start":{"line":52,"column":4},"end":{"line":52,"column":24}},"15":{"start":{"line":60,"column":18},"end":{"line":60,"column":75}},"16":{"start":{"line":61,"column":4},"end":{"line":61,"column":24}},"17":{"start":{"line":77,"column":18},"end":{"line":77,"column":47}},"18":{"start":{"line":80,"column":4},"end":{"line":111,"column":5}},"19":{"start":{"line":81,"column":30},"end":{"line":81,"column":54}},"20":{"start":{"line":82,"column":6},"end":{"line":110,"column":9}},"21":{"start":{"line":83,"column":8},"end":{"line":109,"column":11}},"22":{"start":{"line":84,"column":10},"end":{"line":108,"column":11}},"23":{"start":{"line":85,"column":12},"end":{"line":85,"column":23}},"24":{"start":{"line":86,"column":12},"end":{"line":86,"column":60}},"25":{"start":{"line":87,"column":17},"end":{"line":108,"column":11}},"26":{"start":{"line":88,"column":12},"end":{"line":88,"column":48}},"27":{"start":{"line":90,"column":12},"end":{"line":90,"column":26}},"28":{"start":{"line":93,"column":12},"end":{"line":106,"column":13}},"29":{"start":{"line":94,"column":14},"end":{"line":94,"column":50}},"30":{"start":{"line":95,"column":14},"end":{"line":105,"column":17}},"31":{"start":{"line":107,"column":12},"end":{"line":107,"column":28}},"32":{"start":{"line":114,"column":20},"end":{"line":114,"column":49}},"33":{"start":{"line":115,"column":4},"end":{"line":115,"column":31}},"34":{"start":{"line":117,"column":4},"end":{"line":162,"column":5}},"35":{"start":{"line":119,"column":21},"end":{"line":119,"column":33}},"36":{"start":{"line":120,"column":6},"end":{"line":132,"column":8}},"37":{"start":{"line":134,"column":6},"end":{"line":139,"column":8}},"38":{"start":{"line":141,"column":28},"end":{"line":150,"column":25}},"39":{"start":{"line":152,"column":6},"end":{"line":152,"column":67}},"40":{"start":{"line":152,"column":26},"end":{"line":152,"column":67}},"41":{"start":{"line":154,"column":6},"end":{"line":154,"column":62}},"42":{"start":{"line":155,"column":6},"end":{"line":155,"column":40}},"43":{"start":{"line":156,"column":6},"end":{"line":156,"column":27}},"44":{"start":{"line":158,"column":6},"end":{"line":158,"column":39}},"45":{"start":{"line":159,"column":6},"end":{"line":159,"column":16}},"46":{"start":{"line":161,"column":6},"end":{"line":161,"column":27}},"47":{"start":{"line":174,"column":4},"end":{"line":174,"column":28}},"48":{"start":{"line":176,"column":4},"end":{"line":192,"column":5}},"49":{"start":{"line":177,"column":6},"end":{"line":191,"column":9}},"50":{"start":{"line":178,"column":8},"end":{"line":190,"column":10}},"51":{"start":{"line":183,"column":12},"end":{"line":187,"column":13}},"52":{"start":{"line":184,"column":14},"end":{"line":184,"column":62}},"53":{"start":{"line":185,"column":19},"end":{"line":187,"column":13}},"54":{"start":{"line":186,"column":14},"end":{"line":186,"column":62}},"55":{"start":{"line":188,"column":12},"end":{"line":188,"column":32}},"56":{"start":{"line":194,"column":20},"end":{"line":194,"column":49}},"57":{"start":{"line":195,"column":4},"end":{"line":195,"column":31}},"58":{"start":{"line":196,"column":18},"end":{"line":196,"column":47}},"59":{"start":{"line":198,"column":4},"end":{"line":282,"column":5}},"60":{"start":{"line":199,"column":30},"end":{"line":199,"column":69}},"61":{"start":{"line":200,"column":26},"end":{"line":206,"column":25}},"62":{"start":{"line":208,"column":6},"end":{"line":208,"column":70}},"63":{"start":{"line":208,"column":24},"end":{"line":208,"column":70}},"64":{"start":{"line":210,"column":26},"end":{"line":213,"column":25}},"65":{"start":{"line":215,"column":6},"end":{"line":215,"column":65}},"66":{"start":{"line":215,"column":24},"end":{"line":215,"column":65}},"67":{"start":{"line":218,"column":8},"end":{"line":218,"column":71}},"68":{"start":{"line":221,"column":6},"end":{"line":241,"column":7}},"69":{"start":{"line":222,"column":27},"end":{"line":222,"column":39}},"70":{"start":{"line":223,"column":8},"end":{"line":223,"column":78}},"71":{"start":{"line":224,"column":8},"end":{"line":230,"column":10}},"72":{"start":{"line":231,"column":8},"end":{"line":237,"column":10}},"73":{"start":{"line":238,"column":8},"end":{"line":240,"column":10}},"74":{"start":{"line":244,"column":8},"end":{"line":244,"column":67}},"75":{"start":{"line":245,"column":21},"end":{"line":245,"column":67}},"76":{"start":{"line":247,"column":23},"end":{"line":247,"column":71}},"77":{"start":{"line":249,"column":25},"end":{"line":249,"column":37}},"78":{"start":{"line":250,"column":6},"end":{"line":262,"column":8}},"79":{"start":{"line":265,"column":6},"end":{"line":272,"column":26}},"80":{"start":{"line":274,"column":6},"end":{"line":274,"column":40}},"81":{"start":{"line":275,"column":6},"end":{"line":275,"column":29}},"82":{"start":{"line":277,"column":6},"end":{"line":277,"column":17}},"83":{"start":{"line":278,"column":6},"end":{"line":278,"column":39}},"84":{"start":{"line":279,"column":6},"end":{"line":279,"column":16}},"85":{"start":{"line":281,"column":6},"end":{"line":281,"column":33}},"86":{"start":{"line":292,"column":20},"end":{"line":292,"column":49}},"87":{"start":{"line":293,"column":4},"end":{"line":293,"column":31}},"88":{"start":{"line":294,"column":4},"end":{"line":313,"column":5}},"89":{"start":{"line":296,"column":24},"end":{"line":301,"column":25}},"90":{"start":{"line":303,"column":6},"end":{"line":303,"column":68}},"91":{"start":{"line":303,"column":22},"end":{"line":303,"column":68}},"92":{"start":{"line":305,"column":6},"end":{"line":305,"column":58}},"93":{"start":{"line":306,"column":6},"end":{"line":306,"column":40}},"94":{"start":{"line":308,"column":6},"end":{"line":308,"column":17}},"95":{"start":{"line":309,"column":6},"end":{"line":309,"column":39}},"96":{"start":{"line":310,"column":6},"end":{"line":310,"column":16}},"97":{"start":{"line":312,"column":6},"end":{"line":312,"column":27}},"98":{"start":{"line":324,"column":20},"end":{"line":324,"column":49}},"99":{"start":{"line":325,"column":4},"end":{"line":325,"column":31}},"100":{"start":{"line":328,"column":4},"end":{"line":359,"column":5}},"101":{"start":{"line":330,"column":25},"end":{"line":333,"column":25}},"102":{"start":{"line":335,"column":6},"end":{"line":335,"column":69}},"103":{"start":{"line":335,"column":23},"end":{"line":335,"column":69}},"104":{"start":{"line":337,"column":25},"end":{"line":337,"column":37}},"105":{"start":{"line":338,"column":6},"end":{"line":338,"column":75}},"106":{"start":{"line":339,"column":6},"end":{"line":344,"column":8}},"107":{"start":{"line":345,"column":28},"end":{"line":349,"column":24}},"108":{"start":{"line":350,"column":6},"end":{"line":350,"column":73}},"109":{"start":{"line":350,"column":26},"end":{"line":350,"column":73}},"110":{"start":{"line":352,"column":6},"end":{"line":352,"column":40}},"111":{"start":{"line":353,"column":6},"end":{"line":353,"column":27}},"112":{"start":{"line":355,"column":6},"end":{"line":355,"column":39}},"113":{"start":{"line":356,"column":6},"end":{"line":356,"column":16}},"114":{"start":{"line":358,"column":6},"end":{"line":358,"column":27}},"115":{"start":{"line":369,"column":20},"end":{"line":369,"column":49}},"116":{"start":{"line":370,"column":4},"end":{"line":370,"column":31}},"117":{"start":{"line":372,"column":4},"end":{"line":387,"column":5}},"118":{"start":{"line":373,"column":21},"end":{"line":375,"column":25}},"119":{"start":{"line":377,"column":6},"end":{"line":377,"column":65}},"120":{"start":{"line":377,"column":19},"end":{"line":377,"column":65}},"121":{"start":{"line":379,"column":6},"end":{"line":379,"column":70}},"122":{"start":{"line":380,"column":6},"end":{"line":380,"column":40}},"123":{"start":{"line":381,"column":6},"end":{"line":381,"column":20}},"124":{"start":{"line":383,"column":6},"end":{"line":383,"column":39}},"125":{"start":{"line":384,"column":6},"end":{"line":384,"column":16}},"126":{"start":{"line":386,"column":6},"end":{"line":386,"column":33}},"127":{"start":{"line":397,"column":20},"end":{"line":397,"column":49}},"128":{"start":{"line":398,"column":4},"end":{"line":398,"column":31}},"129":{"start":{"line":399,"column":18},"end":{"line":399,"column":47}},"130":{"start":{"line":401,"column":4},"end":{"line":459,"column":5}},"131":{"start":{"line":402,"column":28},"end":{"line":402,"column":65}},"132":{"start":{"line":405,"column":22},"end":{"line":413,"column":25}},"133":{"start":{"line":415,"column":6},"end":{"line":415,"column":66}},"134":{"start":{"line":415,"column":20},"end":{"line":415,"column":66}},"135":{"start":{"line":417,"column":6},"end":{"line":417,"column":41}},"136":{"start":{"line":420,"column":25},"end":{"line":420,"column":37}},"137":{"start":{"line":421,"column":6},"end":{"line":433,"column":8}},"138":{"start":{"line":434,"column":6},"end":{"line":439,"column":8}},"139":{"start":{"line":441,"column":22},"end":{"line":447,"column":25}},"140":{"start":{"line":449,"column":6},"end":{"line":449,"column":61}},"141":{"start":{"line":449,"column":20},"end":{"line":449,"column":61}},"142":{"start":{"line":451,"column":6},"end":{"line":451,"column":44}},"143":{"start":{"line":452,"column":6},"end":{"line":452,"column":40}},"144":{"start":{"line":453,"column":6},"end":{"line":453,"column":27}},"145":{"start":{"line":455,"column":6},"end":{"line":455,"column":39}},"146":{"start":{"line":456,"column":6},"end":{"line":456,"column":16}},"147":{"start":{"line":458,"column":6},"end":{"line":45
[...]
{"name":"(anonymous_21)","decl":{"start":{"line":211,"column":32},"end":{"line":211,"column":33}},"loc":{"start":{"line":211,"column":52},"end":{"line":217,"column":3}},"line":211},"22":{"name":"(anonymous_22)","decl":{"start":{"line":215,"column":12},"end":{"line":215,"column":13}},"loc":{"start":{"line":215,"column":24},"end":{"line":215,"column":40}},"line":215},"23":{"name":"(anonymous_23)","decl":{"start":{"line":216,"column":13},"end":{"line":216,"column":14}},"loc":{"start":{"line":216,"column":22},"end":{"line":216,"column":68}},"line":216},"24":{"name":"(anonymous_24)","decl":{"start":{"line":220,"column":30},"end":{"line":220,"column":31}},"loc":{"start":{"line":220,"column":50},"end":{"line":226,"column":3}},"line":220},"25":{"name":"(anonymous_25)","decl":{"start":{"line":224,"column":12},"end":{"line":224,"column":13}},"loc":{"start":{"line":224,"column":24},"end":{"line":224,"column":40}},"line":224},"26":{"name":"(anonymous_26)","decl":{"start":{"line":225,"column":13},"end":{"line":225,"column":14}},"loc":{"start":{"line":225,"column":22},"end":{"line":225,"column":68}},"line":225},"27":{"name":"(anonymous_27)","decl":{"start":{"line":229,"column":13},"end":{"line":229,"column":14}},"loc":{"start":{"line":229,"column":33},"end":{"line":233,"column":3}},"line":229}},"branchMap":{"0":{"loc":{"start":{"line":30,"column":6},"end":{"line":32,"column":7}},"type":"if","locations":[{"start":{"line":30,"column":6},"end":{"line":32,"column":7}},{"start":{"line":30,"column":6},"end":{"line":32,"column":7}}],"line":30},"1":{"loc":{"start":{"line":30,"column":10},"end":{"line":30,"column":56}},"type":"binary-expr","locations":[{"start":{"line":30,"column":10},"end":{"line":30,"column":31}},{"start":{"line":30,"column":35},"end":{"line":30,"column":56}}],"line":30},"2":{"loc":{"start":{"line":45,"column":6},"end":{"line":47,"column":7}},"type":"if","locations":[{"start":{"line":45,"column":6},"end":{"line":47,"column":7}},{"start":{"line":45,"column":6},"end":{"line":47,"column":7}}],"line":45},"3":{"loc":{"start":{"line":45,"column":10},"end":{"line":45,"column":32}},"type":"binary-expr","locations":[{"start":{"line":45,"column":10},"end":{"line":45,"column":19}},{"start":{"line":45,"column":23},"end":{"line":45,"column":32}}],"line":45},"4":{"loc":{"start":{"line":48,"column":6},"end":{"line":52,"column":7}},"type":"if","locations":[{"start":{"line":48,"column":6},"end":{"line":52,"column":7}},{"start":{"line":48,"column":6},"end":{"line":52,"column":7}}],"line":48},"5":{"loc":{"start":{"line":64,"column":6},"end":{"line":66,"column":7}},"type":"if","locations":[{"start":{"line":64,"column":6},"end":{"line":66,"column":7}},{"start":{"line":64,"column":6},"end":{"line":66,"column":7}}],"line":64},"6":{"loc":{"start":{"line":79,"column":6},"end":{"line":81,"column":7}},"type":"if","locations":[{"start":{"line":79,"column":6},"end":{"line":81,"column":7}},{"start":{"line":79,"column":6},"end":{"line":81,"column":7}}],"line":79},"7":{"loc":{"start":{"line":97,"column":6},"end":{"line":97,"column":77}},"type":"if","locations":[{"start":{"line":97,"column":6},"end":{"line":97,"column":77}},{"start":{"line":97,"column":6},"end":{"line":97,"column":77}}],"line":97},"8":{"loc":{"start":{"line":109,"column":6},"end":{"line":111,"column":7}},"type":"if","locations":[{"start":{"line":109,"column":6},"end":{"line":111,"column":7}},{"start":{"line":109,"column":6},"end":{"line":111,"column":7}}],"line":109},"9":{"loc":{"start":{"line":124,"column":6},"end":{"line":126,"column":7}},"type":"if","locations":[{"start":{"line":124,"column":6},"end":{"line":126,"column":7}},{"start":{"line":124,"column":6},"end":{"line":126,"column":7}}],"line":124},"10":{"loc":{"start":{"line":139,"column":6},"end":{"line":141,"column":7}},"type":"if","locations":[{"start":{"line":139,"column":6},"end":{"line":141,"column":7}},{"start":{"line":139,"column":6},"end":{"line":141,"column":7}}],"line":139}},"s":{"0":2,"1":2,"2":2,"3":2,"4":2,"5":2,"6":2,"7":2,"8":7,"9":7,"10":7,"11":7,"12":0,"13":0,"14":0,"15":0,"16":0,"17":0,"18":0,"19":0,"20":7,"21":0,"22":0,"23":0,"24":0,"25":0,"26":0,"27":0,"28":0,"29":0,"30":0,"31":7,"32":0,"33":0,"34":0,"35":0,"36":0,"37":0,"38":0,"39":0,"40":7,"41":0,"42":0,"43":0,"44":0,"45":0,"46":0,"47":0,"48":0,"49":7,"50":0,"51":0,"52":0,"53":0,"54":0,"55":0,"56":0,"57":7,"58":0,"59":0,"60":0,"61":0,"62":0,"63":0,"64":0,"65":7,"66":0,"67":0,"68":0,"69":0,"70":0,"71":0,"72":0,"73":0,"74":7,"75":0,"76":0,"77":0,"78":0,"79":0,"80":0,"81":0,"82":0,"83":7,"84":0,"85":0,"86":0,"87":0,"88":7,"89":0,"90":0,"91":0,"92":0,"93":7,"94":0,"95":0,"96":0,"97":0,"98":0,"99":7,"100":0,"101":0,"102":0,"103":0,"104":0,"105":7,"106":0,"107":0,"108":0,"109":0,"110":7,"111":0,"112":0,"113":0,"114":0,"115":7,"116":0,"117":0,"118":0,"119":7},"f":{"0":7,"1":0,"2":0,"3":0,"4":0,"5":0,"6":0,"7":0,"8":0,"9":0,"10":0,"11":0,"12":0,"13":0,"14":0,"15":0,"16":0,"17":0,"18":0,"19":0,"20":0,"21":0,"22":0,"23":0,"24":0,"25":0,"26":0,"27":0},"b":{"0":[0,0],"1":[0,0],"2":[0,0],"3":[0,0],"4":[0,0],"5":[0,0],"6":[0,0],"7":[0,0],"8":[0,0],"9":[0,0],"10":[0,0]},"_coverageSchema":"1a1c01bbd47fc00a2c39e90264f33305004495a9","hash":"d419b04b2fc871263a1e12ebf748a452e79c9f9f","contentHash":"285a453e8d50bef6245666ca73c433d4fbe975c6884a939dac48c3d1a2576a4e"},"C:\\Users\\IvanZou\\Documents\\MotelManagement\\backend\\server\\routes\\authRoute.js":{"path":"C:\\Users\\IvanZou\\Documents\\MotelManagement\\backend\\server\\routes\\authRoute.js","statementMap":{"0":{"start":{"line":4,"column":16},"end":{"line":4,"column":34}},"1":{"start":{"line":5,"column":14},"end":{"line":5,"column":44}},"2":{"start":{"line":7,"column":15},"end":{"line":7,"column":24}},"3":{"start":{"line":10,"column":51},"end":{"line":10,"column":79}},"4":{"start":{"line":11,"column":50},"end":{"line":11,"column":78}},"5":{"start":{"line":13,"column":0},"end":{"line":77,"column":2}},"6":{"start":{"line":15,"column":2},"end":{"line":15,"column":37}},"7":{"start":{"line":18,"column":2},"end":{"line":18,"column":38}},"8":{"start":{"line":23,"column":2},"end":{"line":67,"column":7}},"9":{"start":{"line":27,"column":6},"end":{"line":35,"column":7}},"10":{"start":{"line":28,"column":23},"end":{"line":28,"column":42}},"11":{"start":{"line":29,"column":8},"end":{"line":31,"column":9}},"12":{"start":{"line":30,"column":10},"end":{"line":30,"column":44}},"13":{"start":{"line":32,"column":8},"end":{"line":32,"column":32}},"14":{"start":{"line":34,"column":8},"end":{"line":34,"column":62}},"15":{"start":{"line":38,"column":6},"end":{"line":47,"column":7}},"16":{"start":{"line":39,"column":23},"end":{"line":39,"column":47}},"17":{"start":{"line":40,"column":8},"end":{"line":40,"column":22}},"18":{"start":{"line":41,"column":8},"end":{"line":41,"column":67}},"19":{"start":{"line":41,"column":21},"end":{"line":41,"column":67}},"20":{"start":{"line":42,"column":8},"end":{"line":42,"column":32}},"21":{"start":{"line":44,"column":8},"end":{"line":46,"column":11}},"22":{"start":{"line":50,"column":6},"end":{"line":56,"column":7}},"23":{"start":{"line":51,"column":23},"end":{"line":51,"column":50}},"24":{"start":{"line":52,"column":8},"end":{"line":52,"column":69}},"25":{"start":{"line":52,"column":21},"end":{"line":52,"column":69}},"26":{"start":{"line":53,"column":8},"end":{"line":53,"column":32}},"27":{"start":{"line":55,"column":8},"end":{"line":55,"column":62}},"28":{"start":{"line":59,"column":6},"end":{"line":66,"column":7}},"29":{"start":{"line":60,"column":29},"end":{"line":60,"column":38}},"30":{"start":{"line":61,"column":23},"end":{"line":61,"column":50}},"31":{"start":{"line":62,"column":8},"end":{"line":62,"column":64}},"32":{"start":{"line":62,"column":21},"end":{"line":62,"column":64}},"33":{"start":{"line":63,"column":8},"end":{"line":63,"column":61}},"34":{"start":{"line":65,"column":8},"end":{"line":65,"column":62}},"35":{"start":{"line":70,"column":2},"end":{"line":74,"column":5}},"36":{"start":{"line":71,"column":18},"end":{"line":71,"column":46}},"37":{"start":{"line":72,"column":4},"end":{"line":72,"column":23}},"38":{"start":{"line":73,"column":4},"end":{"line":73,"column":16}},"39":{"start":{"line":76,"column":2},"end":{"line":76,"column":16}}},"fnMap":{"0":{"name":"(anonymous_0)","decl":{"start":{"line":13,"column":17},"end":{"line":13,"column":18}},"loc":{"start":{"line":13,"column":23},"end":{"line":77,"column":1}},"line":13},"1":{"name":"(anonymous_1)","decl":{"start":{"line":26,"column":9},"end":{"line":26,"column":10}},"loc":{"start":{"line":26,"column":29},"end":{"line":36,"column":5}},"line":26},"2":{"name":"(anonymous_2)","decl":{"start":{"line":37,"column":10},"end":{"line":37,"column":11}},"loc":{"start":{"line":37,"column":30},"end":{"line":48,"column":5}},"line":37},"3":{"name":"(anonymous_3)","decl":{"start":{"line":49,"column":9},"end":{"line":49,"column":10}},"loc":{"start":{"line":49,"column":29},"end":{"line":57,"column":5}},"line":49},"4":{"name":"(anonymous_4)","decl":{"start":{"line":58,"column":12},"end":{"line":58,"column":13}},"loc":{"start":{"line":58,"column":32},"end":{"line":67,"column":5}},"line":58},"5":{"name":"(anonymous_5)","decl":{"start":{"line":70,"column":13},"end":{"line":70,"column":14}},"loc":{"start":{"line":70,"column":33},"end":{"line":74,"column":3}},"line":70}},"branchMap":{"0":{"loc":{"start":{"line":29,"column":8},"end":{"line":31,"column":9}},"type":"if","locations":[{"start":{"line":29,"column":8},"end":{"line":31,"column":9}},{"start":{"line":29,"column":8},"end":{"line":31,"column":9}}],"line":29},"1":{"loc":{"start":{"line":41,"column":8},"end":{"line":41,"column":67}},"type":"if","locations":[{"start":{"line":41,"column":8},"end":{"line":41,"column":67}},{"start":{"line":41,"column":8},"end":{"line":41,"column":67}}],"line":41},"2":{"loc":{"start":{"line":52,"column":8},"end":{"line":52,"column":69}},"type":"if","locations":[{"start":{"line":52,"column":8},"end":{"line":52,"column":69}},{"start":{"line":52,"column":8},"end":{"line":52,"column":69}}],"line":52},"3":{"loc":{"start":{"line":62,"column":8},"end":{"line":62,"column":64}},"type":"if","locations":[{"start":{"line":62,"column":8},"end":{"line":62,"column":64}},{"start":{"line":62,"column":8},"end":{"line":62,"column":64}}],"line":62}},"s":{"0":2,"1":2,"2":2,"3":2,"4":2,"5":2,"6":7,"7":7,"8":7,"9":0,"10":0,"11":0,"12":0,"13":0,"14":0,"15":0,"16":0,"17":0,"18":0,"19":0,"20":0,"21":0,"22":0,"23":0,"24":0,"25":0,"26":0,"27":0,"28":0,"29":0,"30":0,"31":0,"32":0,"33":0,"34":0,"35":7,"36":0,"37":0,"38":0,"39":7},"f":{"0":7,"1":0,"2":0,"3":0,"4":0,"5":0},"b":{"0":[0,0],"1":[0,0],"2":[0,0],"3":[0,0]},"_coverageSchema":"1a1c01bbd47fc00a2c39e90264f33305004495a9","hash":"b437816ef0d7af8127ac4a5c825ac56169815399","contentHash":"60b10ac849d9f2520b9ee9e8dc46351fdbc1fab6ccef50fee62af5ffd625a304"},"C:\\Users\\IvanZou\\Documents\\MotelManagement\\backend\\server\\services\\Staff.js":{"path":"C:\\Users\\IvanZou\\Documents\\MotelManagement\\backend\\server\\services\\Staff.js","statementMap":{"0":{"start":{"line":4,"column":17},"end":{"line":4,"column":36}},"1":{"start":{"line":5,"column":15},"end":{"line":5,"column":32}},"2":{"start":{"line":6,"column":12},"end":{"line":6,"column":35}},"3":{"start":{"line":7,"column":14},"end":{"line":7,"column":44}},"4":{"start":{"line":9,"column":15},"end":{"line":9,"column":74}},"5":{"start":{"line":11,"column":20},"end":{"line":11,"column":46}},"6":{"start":{"line":13,"column":14},"end":{"line":13,"column":59}},"7":{"start":{"line":18,"column":0},"end":{"line":155,"column":2}},"8":{"start":{"line":23,"column":4},"end":{"line":25,"column":5}},"9":{"start":{"line":24,"column":6},"end":{"line":24,"column":20}},"10":{"start":{"line":27,"column":18},"end":{"line":27,"column":48}},"11":{"start":{"line":28,"column":4},"end":{"line":28,"column":23}},"12":{"start":{"line":29,"column":4},"end":{"line":29,"column":20}},"13":{"start":{"line":30,"column":4},"end":{"line":30,"column":23}},"14":{"start":{"line":34,"column":4},"end":{"line":36,"column":5}},"15":{"start":{"line":35,"column":6},"end":{"line":35,"column":64}},"16":{"start":{"line":37,"column":4},"end":{"line":37,"column":68}},"17":{"start":{"line":44,"column":4},"end":{"line":44,"column":32}},"18":{"start":{"line":45,"column":19},"end":{"line":47,"column":6}},"19":{"start":{"line":49,"column":4},"end":{"line":53,"column":5}},"20":{"start":{"line":50,"column":6},"end":{"line":52,"column":8}},"21":{"start":{"line":55,"column":20},"end":{"line":55,"column":39}},"22":{"start":{"line":56,"column":4},"end":{"line":56,"column":66}},"23":{"start":{"line":57,"column":4},"end":{"line":67,"column":7}},"24":{"start":{"line":58,"column":6},"end":{"line":66,"column":9}},"25":{"start":{"line":59,"column":8},"end":{"line":61,"column":9}},"26":{"start":{"line":60,"column":10},"end":{"line":60,"column":65}},"27":{"start":{"line":62,"column":8},"end":{"line":65,"column":11}},"28":{"start":{"line":73,"column":4},"end":{"line":78,"column":5}},"29":{"start":{"line":74,"column":24},"end":{"line":74,"column":35}},"30":{"start":{"line":75,"column":6},"end":{"line":77,"column":21}},"31":{"start":{"line":79,"column":4},"end":{"line":79,"column":20}},"32":{"start":{"line":80,"column":4},"end":{"line":116,"column":6}},"33":{"start":{"line":85,"column":8},"end":{"line":85,"column":27}},"34":{"start":{"line":85,"column":17},"end":{"line":85,"column":27}},"35":{"start":{"line":86,"column":8},"end":{"line":91,"column":9}},"36":{"start":{"line":87,"column":10},"end":{"line":87,"column":33}},"37":{"start":{"line":88,"column":10},"end":{"line":90,"column":72}},"38":{"start":{"line":92,"column":8},"end":{"line":92,"column":21}},"39":{"start":{"line":93,"column":8},"end":{"line":97,"column":9}},"40":{"start":{"line":94,"column":10},"end":{"line":96,"column":72}},"41":{"start":{"line":98,"column":22},"end":{"line":111,"column":9}},"42":{"start":{"line":112,"column":8},"end":{"line":114,"column":23}},"43":{"start":{"line":122,"column":4},"end":{"line":122,"column":29}},"44":{"start":{"line":123,"column":4},"end":{"line":123,"column":53}},"45":{"start":{"line":130,"column":19},"end":{"line":132,"column":13}},"46":{"start":{"line":133,"column":4},"end":{"line":133,"column":18}},"47":{"start":{"line":137,"column":4},"end":{"line":138,"column":66}},"48":{"start":{"line":138,"column":6},"end":{"line":138,"column":66}},"49":{"start":{"line":139,"column":20},"end":{"line":145,"column":13}},"50":{"start":{"line":146,"column":4},"end":{"line":146,"column":19}},"51":{"start":{"line":150,"column":19},"end":{"line":152,"column":13}},"52":{"start":{"line":153,"column":4},"end":{"line":153,"column":18}}},"fnMap":{"0":{"name":"(anonymous_0)","decl":{"start":{"line":22,"column":17},"end":{"line":22,"column":18}},"loc":{"start":{"line":22,"column":37},"end":{"line":31,"column":3}},"line":22},"1":{"name":"(anonymous_1)","decl":{"start":{"line":33,"column":14},"end":{"line":33,"column":15}},"loc":{"start":{"line":33,"column":28},"end":{"line":38,"column":3}},"line":33},"2":{"name":"(anonymous_2)","decl":{"start":{"line":43,"column":12},"end":{"line":43,"column":13}},"loc":{"start":{"line":43,"column":32},"end":{"line":68,"column":3}},"line":43},"3":{"name":"(anonymous_3)","decl":{"start":{"line":57,"column":23},"end":{"line":57,"column":24}},"loc":{"start":{"line":57,"column":44},"end":{"line":67,"column":5}},"line":57},"4":{"name":"(anonymous_4)","decl":{"start":{"line":58,"column":60},"end":{"line":58,"column":61}},"loc":{"start":{"line":58,"column":75},"end":{"line":66,"column":7}},"line":58},"5":{"name":"(anonymous_5)","decl":{"start":{"line":72,"column":9},"end":{"line":72,"column":10}},"loc":{"start":{"line":72,"column":23},"end":{"line":117,"column":3}},"line":72},"6":{"name":"(anonymous_6)","decl":{"start":{"line":84,"column":6},"end":{"line":84,"column":7}},"loc":{"start":{"line":84,"column":22},"end":{"line":115,"column":7}},"line":84},"7":{"name":"(anonymous_7)","decl":{"start":{"line":121,"column":10},"end":{"line":121,"column":11}},"loc":{"start":{"line":121,"column":24},"end":{"line":124,"column":3}},"line":121},"8":{"name":"(anonymous_8)","decl":{"start":{"line":129,"column":15},"end":{"line":129,"column":16}},"loc":{"start":{"line":129,"column":27},"end":{"line":134,"column":3}},"line":129},"9":{"name":"(anonymous_9)","decl":{"start":{"line":136,"column":15},"end":{"line":136,"column":16}},"loc":{"start":{"line":136,"column":39},"end":{"line":147,"column":3}},"line":136},"10":{"name":"(anonymous_10)","decl":{"start":{"line":149,"column":15},"end":{"line":149,"column":16}},"loc":{"start":{"line":149,"column":35},"end":{"line":154,"column":3}},"line":149}},"branchMap":{"0":{"loc":{"start":{"line":9,"column":36},"end":{"line":9,"column":73}},"type":"binary-expr","locations":[{"start":{"line":9,"column":36},"end":{"line":9,"column":56}},{"start":{"line":9,"column":60},"end":{"line":9,"column":73}}],"line":9},"1":{"loc":{"start":{"line":23,"column":4},"end":{"line":25,"column":5}},"type":"if","locations":[{"start":{"line":23,"column":4},"end":{"line":25,"column":5}},{"start":{"line":23,"column":4},"end":{"line":25,"column":5}}],"line":23},"2":{"loc":{"start":{"line":34,"column":4},"end":{"line":36,"column":5}},"type":"if","locations":[{"start":{"line":34,"column":4},"end":{"line":36,"column":5}},{"start":{"line":34,"column":4},"end":{"line":36,"column":5}}],"line":34},"3":{"loc":{"start":{"line":49,"column":4},"end":{"line":53,"column":5}},"type":"if","locations":[{"start":{"line":49,"column":4},"end":{"line":53,"column":5}},{"start":{"line":49,"column":4},"end":{"line":53,"column":5}}],"line":49},"4":{"loc":{"start":{"line":59,"column":8},"end":{"line":61,"column":9}},"type":"if","locations":[{"start":{"line":59,"column":8},"end":{"line":61,"column":9}},{"start":{"line":59,"column":8},"end":{"line":61,"column":9}}],"line":59},"5":{"loc":{"start":{"line":59,"column":12},"end":{"line":59,"column":24}},"type":"binary-expr","locations":[{"start":{"line":59,"column":12},"end":{"line":59,"column":15}},{"start":{"line":59,"column":19},"end":{"line":59,"column":24}}],"line":59},"6":{"loc":{"start":{"line":73,"column":4},"end":{"line":78,"column":5}},"type":"if","locations":[{"start":{"line":73,"column":4},"end":{"line":78,"column":5}},{"start":{"line":73,"column":4},"end":{"line":78,"column":5}}],"line":73},"7":{"loc":{"start":{"line":85,"column":8},"end":{"line":85,"column":27}},"type":"if","locations":[{"start":{"line":85,"column":8},"end":{"line":85,"column":27}},{"start":{"line":85,"column":8},"end":{"line":85,"column":27}}],"line":85},"8":{"loc":{"start":{"line":86,"column":8},"end":{"line":91,"column":9}},"type":"if","locations":[{"start":{"line":86,"column":8},"end":{"line":91,"column":9}},{"start":{"line":86,"column":8},"end":{"line":91,"column":9}}],"line":86},"9":{"loc":{"start":{"line":93,"column":8},"end":{"line":97,"column":9}},"type":"if","locations":[{"start":{"line":93,"column":8},"end":{"line":97,"column":9}},{"start":{"line":93,"column":8},"end":{"line":97,"column":9}}],"line":93},"10":{"loc":{"start":{"line":137,"column":4},"end":{"line":138,"column":66}},"type":"if","locations":[{"start":{"line":137,"column":4},"end":{"line":138,"column":66}},{"start":{"line":137,"column":4},"end":{"line":138,"column":66}}],"line":137}},"s":{"0":2,"1":2,"2":2,"3":2,"4":2,"5":2,"6":2,"7":2,"8":6,"9":1,"10":5,"11":5,"12":5,"13":5,"14":0,"15":0,"16":0,"17":0,"18":0,"19":0,"20":0,"21":0,"22":0,"23":0,"24":0,"25":0,"26":0,"27":0,"28":3,"29":0,"30":0,"31":3,"32":3,"33":3,"34":0,"35":3,"36":1,"37":1,"38":2,"39":2,"40":1,"41":1,"42":1,"43":1,"44":1,"45":0,"46":0,"47":0,"48":0,"49":0,"50":0,"51":0,"52":0},"f":{"0":6,"1":0,"2":0,"3":0,"4":0,"5":3,"6":3,"7":1,"8":0,"9":0,"10":0},"b":{"0":[2,2],"1":[1,5],"2":[0,0],"3":[0,0],"4":[0,0],"5":[0,0],"6":[0,3],"7":[0,3],"8":[1,2],"9":[1,1],"10":[0,0]},"_coverageSchema":"1a1c01bbd47fc00a2c39e90264f33305004495a9","hash":"116d5cd205f91cfe4ea9ada636f930c2536511ac","contentHash":"bc0cbf77662838ef3ed5914910f70498e518d8dbd34ee73ba4fce7b3f72e1887"}}